This is pdfTeX, Version 3.14159265-2.6-1.40.19 (TeX Live 2018) (preloaded format=pdflatex 2018.7.23)  25 JUN 2019 01:00
entering extended mode
 restricted \write18 enabled.
 %&-line parsing enabled.
**dissertation.tex
(./dissertation.tex
LaTeX2e <2018-04-01> patch level 2
Babel <3.18> and hyphenation patterns for 84 language(s) loaded.
(./dissertation.cls
Document Class: dissertation 2013/07/08 v1.0 TU Delft dissertation class
(/usr/local/texlive/2018/texmf-dist/tex/latex/base/book.cls
Document Class: book 2014/09/29 v1.4h Standard LaTeX document class
(/usr/local/texlive/2018/texmf-dist/tex/latex/base/bk10.clo
File: bk10.clo 2014/09/29 v1.4h Standard LaTeX file (size option)
)
\c@part=\count80
\c@chapter=\count81
\c@section=\count82
\c@subsection=\count83
\c@subsubsection=\count84
\c@paragraph=\count85
\c@subparagraph=\count86
\c@figure=\count87
\c@table=\count88
\abovecaptionskip=\skip41
\belowcaptionskip=\skip42
\bibindent=\dimen102
)
(/usr/local/texlive/2018/texmf-dist/tex/latex/amsmath/amsmath.sty
Package: amsmath 2017/09/02 v2.17a AMS math features
\@mathmargin=\skip43

For additional information on amsmath, use the `?' option.
(/usr/local/texlive/2018/texmf-dist/tex/latex/amsmath/amstext.sty
Package: amstext 2000/06/29 v2.01 AMS text

(/usr/local/texlive/2018/texmf-dist/tex/latex/amsmath/amsgen.sty
File: amsgen.sty 1999/11/30 v2.0 generic functions
\@emptytoks=\toks14
\ex@=\dimen103
))
(/usr/local/texlive/2018/texmf-dist/tex/latex/amsmath/amsbsy.sty
Package: amsbsy 1999/11/29 v1.2d Bold Symbols
\pmbraise@=\dimen104
)
(/usr/local/texlive/2018/texmf-dist/tex/latex/amsmath/amsopn.sty
Package: amsopn 2016/03/08 v2.02 operator names
)
\inf@bad=\count89
LaTeX Info: Redefining \frac on input line 213.
\uproot@=\count90
\leftroot@=\count91
LaTeX Info: Redefining \overline on input line 375.
\classnum@=\count92
\DOTSCASE@=\count93
LaTeX Info: Redefining \ldots on input line 472.
LaTeX Info: Redefining \dots on input line 475.
LaTeX Info: Redefining \cdots on input line 596.
\Mathstrutbox@=\box26
\strutbox@=\box27
\big@size=\dimen105
LaTeX Font Info:    Redeclaring font encoding OML on input line 712.
LaTeX Font Info:    Redeclaring font encoding OMS on input line 713.
\macc@depth=\count94
\c@MaxMatrixCols=\count95
\dotsspace@=\muskip10
\c@parentequation=\count96
\dspbrk@lvl=\count97
\tag@help=\toks15
\row@=\count98
\column@=\count99
\maxfields@=\count100
\andhelp@=\toks16
\eqnshift@=\dimen106
\alignsep@=\dimen107
\tagshift@=\dimen108
\tagwidth@=\dimen109
\totwidth@=\dimen110
\lineht@=\dimen111
\@envbody=\toks17
\multlinegap=\skip44
\multlinetaggap=\skip45
\mathdisplay@stack=\toks18
LaTeX Info: Redefining \[ on input line 2817.
LaTeX Info: Redefining \] on input line 2818.
)
(/usr/local/texlive/2018/texmf-dist/tex/latex/amsfonts/amssymb.sty
Package: amssymb 2013/01/14 v3.01 AMS font symbols

(/usr/local/texlive/2018/texmf-dist/tex/latex/amsfonts/amsfonts.sty
Package: amsfonts 2013/01/14 v3.01 Basic AMSFonts support
\symAMSa=\mathgroup4
\symAMSb=\mathgroup5
LaTeX Font Info:    Overwriting math alphabet `\mathfrak' in version `bold'
(Font)                  U/euf/m/n --> U/euf/b/n on input line 106.
))
(/usr/local/texlive/2018/texmf-dist/tex/generic/babel/babel.sty
Package: babel 2018/02/14 3.18 The Babel package

(/usr/local/texlive/2018/texmf-dist/tex/generic/babel/switch.def
File: switch.def 2018/02/14 3.18 Babel switching mechanism
)
(/usr/local/texlive/2018/texmf-dist/tex/generic/babel-dutch/dutch.ldf
Language: dutch 2005/03/30 v3.8i Dutch support from the babel system

(/usr/local/texlive/2018/texmf-dist/tex/generic/babel/babel.def
File: babel.def 2018/02/14 3.18 Babel common definitions
\babel@savecnt=\count101
\U@D=\dimen112

(/usr/local/texlive/2018/texmf-dist/tex/generic/babel/txtbabel.def)
\bbl@dirlevel=\count102
)
Package babel Info: Making " an active character on input line 132.
)
(/usr/local/texlive/2018/texmf-dist/tex/generic/babel-english/english.ldf
Language: english 2017/06/06 v3.3r English support from the babel system
\l@canadian = a dialect from \language\l@american 
\l@australian = a dialect from \language\l@british 
\l@newzealand = a dialect from \language\l@british 
))
(/usr/local/texlive/2018/texmf-dist/tex/latex/tools/calc.sty
Package: calc 2017/05/25 v4.3 Infix arithmetic (KKT,FJ)
\calc@Acount=\count103
\calc@Bcount=\count104
\calc@Adimen=\dimen113
\calc@Bdimen=\dimen114
\calc@Askip=\skip46
\calc@Bskip=\skip47
LaTeX Info: Redefining \setlength on input line 80.
LaTeX Info: Redefining \addtolength on input line 81.
\calc@Ccount=\count105
\calc@Cskip=\skip48
)
(/usr/local/texlive/2018/texmf-dist/tex/latex/caption/caption.sty
Package: caption 2016/02/21 v3.3-144 Customizing captions (AR)

(/usr/local/texlive/2018/texmf-dist/tex/latex/caption/caption3.sty
Package: caption3 2016/05/22 v1.7-166 caption3 kernel (AR)
Package caption3 Info: TeX engine: e-TeX on input line 67.

(/usr/local/texlive/2018/texmf-dist/tex/latex/graphics/keyval.sty
Package: keyval 2014/10/28 v1.15 key=value parser (DPC)
\KV@toks@=\toks19
)
\captionmargin=\dimen115
\captionmargin@=\dimen116
\captionwidth=\dimen117
\caption@tempdima=\dimen118
\caption@indent=\dimen119
\caption@parindent=\dimen120
\caption@hangindent=\dimen121
)
\c@ContinuedFloat=\count106
)
(/usr/local/texlive/2018/texmf-dist/tex/latex/cite/chapterbib.sty
\c@inputfile=\count107
Package: chapterbib 2010/09/18  v 1.17
)
(/usr/local/texlive/2018/texmf-dist/tex/latex/etaremune/etaremune.sty
Package: etaremune 2005/06/01 v1.2 Reversed enumerate (HA)

(/usr/local/texlive/2018/texmf-dist/tex/latex/xkeyval/xkeyval.sty
Package: xkeyval 2014/12/03 v2.7a package option processing (HA)

(/usr/local/texlive/2018/texmf-dist/tex/generic/xkeyval/xkeyval.tex
(/usr/local/texlive/2018/texmf-dist/tex/generic/xkeyval/xkvutils.tex
\XKV@toks=\toks20
\XKV@tempa@toks=\toks21
)
\XKV@depth=\count108
File: xkeyval.tex 2014/12/03 v2.7a key=value parser (HA)
))
\c@EM@itemctr=\count109
\c@EM@etaremunectr=\count110
)
(/usr/local/texlive/2018/texmf-dist/tex/latex/fancyhdr/fancyhdr.sty
Package: fancyhdr 2017/06/30 v3.9a Extensive control of page headers and footer
s
\f@nch@headwidth=\skip49
\f@nch@O@elh=\skip50
\f@nch@O@erh=\skip51
\f@nch@O@olh=\skip52
\f@nch@O@orh=\skip53
\f@nch@O@elf=\skip54
\f@nch@O@erf=\skip55
\f@nch@O@olf=\skip56
\f@nch@O@orf=\skip57
)
(/usr/local/texlive/2018/texmf-dist/tex/latex/footmisc/footmisc.sty
Package: footmisc 2011/06/06 v5.5b a miscellany of footnote facilities
\FN@temptoken=\toks22
\footnotemargin=\dimen122
\c@pp@next@reset=\count111
Package footmisc Info: Declaring symbol style bringhurst on input line 855.
Package footmisc Info: Declaring symbol style chicago on input line 863.
Package footmisc Info: Declaring symbol style wiley on input line 872.
Package footmisc Info: Declaring symbol style lamport-robust on input line 883.

Package footmisc Info: Declaring symbol style lamport* on input line 903.
Package footmisc Info: Declaring symbol style lamport*-robust on input line 924
.
)
(/usr/local/texlive/2018/texmf-dist/tex/generic/oberdiek/ifpdf.sty
Package: ifpdf 2017/03/15 v3.2 Provides the ifpdf switch
)
(/usr/local/texlive/2018/texmf-dist/tex/generic/ifxetex/ifxetex.sty
Package: ifxetex 2010/09/12 v0.6 Provides ifxetex conditional
)
(/usr/local/texlive/2018/texmf-dist/tex/latex/adjustbox/adjustbox.sty
Package: adjustbox 2018/04/08 v1.1 Adjusting TeX boxes (trim, clip, ...)

(/usr/local/texlive/2018/texmf-dist/tex/latex/adjustbox/adjcalc.sty
Package: adjcalc 2012/05/16 v1.1 Provides advanced setlength with multiple back
-ends (calc, etex, pgfmath)
)
(/usr/local/texlive/2018/texmf-dist/tex/latex/adjustbox/trimclip.sty
Package: trimclip 2018/04/08 v1.1 Trim and clip general TeX material

(/usr/local/texlive/2018/texmf-dist/tex/latex/graphics/graphicx.sty
Package: graphicx 2017/06/01 v1.1a Enhanced LaTeX Graphics (DPC,SPQR)

(/usr/local/texlive/2018/texmf-dist/tex/latex/graphics/graphics.sty
Package: graphics 2017/06/25 v1.2c Standard LaTeX Graphics (DPC,SPQR)

(/usr/local/texlive/2018/texmf-dist/tex/latex/graphics/trig.sty
Package: trig 2016/01/03 v1.10 sin cos tan (DPC)
)
(/usr/local/texlive/2018/texmf-dist/tex/latex/graphics-cfg/graphics.cfg
File: graphics.cfg 2016/06/04 v1.11 sample graphics configuration
)
Package graphics Info: Driver file: pdftex.def on input line 99.

(/usr/local/texlive/2018/texmf-dist/tex/latex/graphics-def/pdftex.def
File: pdftex.def 2018/01/08 v1.0l Graphics/color driver for pdftex
))
\Gin@req@height=\dimen123
\Gin@req@width=\dimen124
)
(/usr/local/texlive/2018/texmf-dist/tex/latex/collectbox/collectbox.sty
Package: collectbox 2012/05/17 v0.4b Collect macro arguments as boxes
\collectedbox=\box28
)
\tc@llx=\dimen125
\tc@lly=\dimen126
\tc@urx=\dimen127
\tc@ury=\dimen128
Package trimclip Info: Using driver 'tc-pdftex.def'.

(/usr/local/texlive/2018/texmf-dist/tex/latex/adjustbox/tc-pdftex.def
File: tc-pdftex.def 2018/04/08 v2.1 Clipping driver for pdftex
))
\adjbox@Width=\dimen129
\adjbox@Height=\dimen130
\adjbox@Depth=\dimen131
\adjbox@Totalheight=\dimen132
\adjbox@pwidth=\dimen133
\adjbox@pheight=\dimen134
\adjbox@pdepth=\dimen135
\adjbox@ptotalheight=\dimen136

(/usr/local/texlive/2018/texmf-dist/tex/latex/ifoddpage/ifoddpage.sty
Package: ifoddpage 2016/04/23 v1.1 Conditionals for odd/even page detection
\c@checkoddpage=\count112
)
(/usr/local/texlive/2018/texmf-dist/tex/latex/varwidth/varwidth.sty
Package: varwidth 2009/03/30 ver 0.92;  Variable-width minipages
\@vwid@box=\box29
\sift@deathcycles=\count113
\@vwid@loff=\dimen137
\@vwid@roff=\dimen138
))
(/usr/local/texlive/2018/texmf-dist/tex/latex/blindtext/blindtext.sty
Package: blindtext 2012/01/06 V2.0 blindtext-Package

(/usr/local/texlive/2018/texmf-dist/tex/latex/tools/xspace.sty
Package: xspace 2014/10/28 v1.13 Space after command names (DPC,MH)
)
\c@blindtext=\count114
\c@Blindtext=\count115
\c@blind@countparstart=\count116
\blind@countxx=\count117
\blindtext@numBlindtext=\count118
\blind@countyy=\count119
\c@blindlist=\count120
\c@blindlistlevel=\count121
\c@blindlist@level=\count122
\blind@listitem=\count123
\c@blind@listcount=\count124
\c@blind@levelcount=\count125
\blind@mathformula=\count126
\blind@Mathformula=\count127
\c@blind@randomcount=\count128
\c@blind@randommax=\count129
\c@blind@pangramcount=\count130
\c@blind@pangrammax=\count131
)
(/usr/local/texlive/2018/texmf-dist/tex/latex/cjk/texinput/CJKutf8.sty
Package: CJKutf8 2015/04/18 4.8.4

(/usr/local/texlive/2018/texmf-dist/tex/latex/base/inputenc.sty
Package: inputenc 2018/04/06 v1.3b Input encoding file
\inpenc@prehook=\toks23
\inpenc@posthook=\toks24
)
(/usr/local/texlive/2018/texmf-dist/tex/latex/cjk/texinput/CJK.sty
Package: CJK 2015/04/18 4.8.4

(/usr/local/texlive/2018/texmf-dist/tex/latex/cjk/texinput/mule/MULEenc.sty
Package: MULEenc 2015/04/18 4.8.4
)
(/usr/local/texlive/2018/texmf-dist/tex/latex/cjk/texinput/CJK.enc
File: CJK.enc 2015/04/18 4.8.4
Now handling font encoding C00 ...
... no UTF-8 mapping file for font encoding C00
Now handling font encoding C05 ...
... no UTF-8 mapping file for font encoding C05
Now handling font encoding C09 ...
... no UTF-8 mapping file for font encoding C09
Now handling font encoding C10 ...
... no UTF-8 mapping file for font encoding C10
Now handling font encoding C20 ...
... no UTF-8 mapping file for font encoding C20
Now handling font encoding C19 ...
... no UTF-8 mapping file for font encoding C19
Now handling font encoding C40 ...
... no UTF-8 mapping file for font encoding C40
Now handling font encoding C42 ...
... no UTF-8 mapping file for font encoding C42
Now handling font encoding C43 ...
... no UTF-8 mapping file for font encoding C43
Now handling font encoding C50 ...
... no UTF-8 mapping file for font encoding C50
Now handling font encoding C52 ...
... no UTF-8 mapping file for font encoding C52
Now handling font encoding C49 ...
... no UTF-8 mapping file for font encoding C49
Now handling font encoding C60 ...
... no UTF-8 mapping file for font encoding C60
Now handling font encoding C61 ...
... no UTF-8 mapping file for font encoding C61
Now handling font encoding C63 ...
... no UTF-8 mapping file for font encoding C63
Now handling font encoding C64 ...
... no UTF-8 mapping file for font encoding C64
Now handling font encoding C65 ...
... no UTF-8 mapping file for font encoding C65
Now handling font encoding C70 ...
... no UTF-8 mapping file for font encoding C70
Now handling font encoding C31 ...
... no UTF-8 mapping file for font encoding C31
Now handling font encoding C32 ...
... no UTF-8 mapping file for font encoding C32
Now handling font encoding C33 ...
... no UTF-8 mapping file for font encoding C33
Now handling font encoding C34 ...
... no UTF-8 mapping file for font encoding C34
Now handling font encoding C35 ...
... no UTF-8 mapping file for font encoding C35
Now handling font encoding C36 ...
... no UTF-8 mapping file for font encoding C36
Now handling font encoding C37 ...
... no UTF-8 mapping file for font encoding C37
Now handling font encoding C80 ...
... no UTF-8 mapping file for font encoding C80
Now handling font encoding C81 ...
... no UTF-8 mapping file for font encoding C81
Now handling font encoding C01 ...
... no UTF-8 mapping file for font encoding C01
Now handling font encoding C11 ...
... no UTF-8 mapping file for font encoding C11
Now handling font encoding C21 ...
... no UTF-8 mapping file for font encoding C21
Now handling font encoding C41 ...
... no UTF-8 mapping file for font encoding C41
Now handling font encoding C62 ...
... no UTF-8 mapping file for font encoding C62
)
LaTeX Info: Redefining \selectfont on input line 755.
\CJK@indent=\box30
)
(/usr/local/texlive/2018/texmf-dist/tex/latex/base/fontenc.sty
Package: fontenc 2017/04/05 v2.0i Standard LaTeX package
))
(/usr/local/texlive/2018/texmf-dist/tex/latex/tools/array.sty
Package: array 2018/04/07 v2.4g Tabular extension package (FMi)
\col@sep=\dimen139
\ar@mcellbox=\box31
\extrarowheight=\dimen140
\NC@list=\toks25
\extratabsurround=\skip58
\backup@length=\skip59
\ar@cellbox=\box32
)
(/usr/local/texlive/2018/texmf-dist/tex/latex/hyphenat/hyphenat.sty
Package: hyphenat 2009/09/02 v2.3c hyphenation utilities
\langwohyphens=\language84
LaTeX Info: Redefining \_ on input line 43.
)
(/usr/local/texlive/2018/texmf-dist/tex/latex/base/textcomp.sty
Package: textcomp 2017/04/05 v2.0i Standard LaTeX package
Package textcomp Info: Sub-encoding information:
(textcomp)               5 = only ISO-Adobe without \textcurrency
(textcomp)               4 = 5 + \texteuro
(textcomp)               3 = 4 + \textohm
(textcomp)               2 = 3 + \textestimated + \textcurrency
(textcomp)               1 = TS1 - \textcircled - \t
(textcomp)               0 = TS1 (full)
(textcomp)             Font families with sub-encoding setting implement
(textcomp)             only a restricted character set as indicated.
(textcomp)             Family '?' is the default used for unknown fonts.
(textcomp)             See the documentation for details.
Package textcomp Info: Setting ? sub-encoding to TS1/1 on input line 79.

(/usr/local/texlive/2018/texmf-dist/tex/latex/base/ts1enc.def
File: ts1enc.def 2001/06/05 v3.0e (jk/car/fm) Standard LaTeX file
Now handling font encoding TS1 ...
... processing UTF-8 mapping file for font encoding TS1

(/usr/local/texlive/2018/texmf-dist/tex/latex/base/ts1enc.dfu
File: ts1enc.dfu 2018/04/05 v1.2c UTF-8 support for inputenc
   defining Unicode char U+00A2 (decimal 162)
   defining Unicode char U+00A3 (decimal 163)
   defining Unicode char U+00A4 (decimal 164)
   defining Unicode char U+00A5 (decimal 165)
   defining Unicode char U+00A6 (decimal 166)
   defining Unicode char U+00A7 (decimal 167)
   defining Unicode char U+00A8 (decimal 168)
   defining Unicode char U+00A9 (decimal 169)
   defining Unicode char U+00AA (decimal 170)
   defining Unicode char U+00AC (decimal 172)
   defining Unicode char U+00AE (decimal 174)
   defining Unicode char U+00AF (decimal 175)
   defining Unicode char U+00B0 (decimal 176)
   defining Unicode char U+00B1 (decimal 177)
   defining Unicode char U+00B2 (decimal 178)
   defining Unicode char U+00B3 (decimal 179)
   defining Unicode char U+00B4 (decimal 180)
   defining Unicode char U+00B5 (decimal 181)
   defining Unicode char U+00B6 (decimal 182)
   defining Unicode char U+00B7 (decimal 183)
   defining Unicode char U+00B9 (decimal 185)
   defining Unicode char U+00BA (decimal 186)
   defining Unicode char U+00BC (decimal 188)
   defining Unicode char U+00BD (decimal 189)
   defining Unicode char U+00BE (decimal 190)
   defining Unicode char U+00D7 (decimal 215)
   defining Unicode char U+00F7 (decimal 247)
   defining Unicode char U+0192 (decimal 402)
   defining Unicode char U+02C7 (decimal 711)
   defining Unicode char U+02D8 (decimal 728)
   defining Unicode char U+02DD (decimal 733)
   defining Unicode char U+0E3F (decimal 3647)
   defining Unicode char U+2016 (decimal 8214)
   defining Unicode char U+2020 (decimal 8224)
   defining Unicode char U+2021 (decimal 8225)
   defining Unicode char U+2022 (decimal 8226)
   defining Unicode char U+2030 (decimal 8240)
   defining Unicode char U+2031 (decimal 8241)
   defining Unicode char U+203B (decimal 8251)
   defining Unicode char U+203D (decimal 8253)
   defining Unicode char U+2044 (decimal 8260)
   defining Unicode char U+204E (decimal 8270)
   defining Unicode char U+2052 (decimal 8274)
   defining Unicode char U+20A1 (decimal 8353)
   defining Unicode char U+20A4 (decimal 8356)
   defining Unicode char U+20A6 (decimal 8358)
   defining Unicode char U+20A9 (decimal 8361)
   defining Unicode char U+20AB (decimal 8363)
   defining Unicode char U+20AC (decimal 8364)
   defining Unicode char U+20B1 (decimal 8369)
   defining Unicode char U+2103 (decimal 8451)
   defining Unicode char U+2116 (decimal 8470)
   defining Unicode char U+2117 (decimal 8471)
   defining Unicode char U+211E (decimal 8478)
   defining Unicode char U+2120 (decimal 8480)
   defining Unicode char U+2122 (decimal 8482)
   defining Unicode char U+2126 (decimal 8486)
   defining Unicode char U+2127 (decimal 8487)
   defining Unicode char U+212E (decimal 8494)
   defining Unicode char U+2190 (decimal 8592)
   defining Unicode char U+2191 (decimal 8593)
   defining Unicode char U+2192 (decimal 8594)
   defining Unicode char U+2193 (decimal 8595)
   defining Unicode char U+2329 (decimal 9001)
   defining Unicode char U+232A (decimal 9002)
   defining Unicode char U+2422 (decimal 9250)
   defining Unicode char U+25E6 (decimal 9702)
   defining Unicode char U+25EF (decimal 9711)
   defining Unicode char U+266A (decimal 9834)
   defining Unicode char U+FEFF (decimal 65279)
))
LaTeX Info: Redefining \oldstylenums on input line 334.
Package textcomp Info: Setting cmr sub-encoding to TS1/0 on input line 349.
Package textcomp Info: Setting cmss sub-encoding to TS1/0 on input line 350.
Package textcomp Info: Setting cmtt sub-encoding to TS1/0 on input line 351.
Package textcomp Info: Setting cmvtt sub-encoding to TS1/0 on input line 352.
Package textcomp Info: Setting cmbr sub-encoding to TS1/0 on input line 353.
Package textcomp Info: Setting cmtl sub-encoding to TS1/0 on input line 354.
Package textcomp Info: Setting ccr sub-encoding to TS1/0 on input line 355.
Package textcomp Info: Setting ptm sub-encoding to TS1/4 on input line 356.
Package textcomp Info: Setting pcr sub-encoding to TS1/4 on input line 357.
Package textcomp Info: Setting phv sub-encoding to TS1/4 on input line 358.
Package textcomp Info: Setting ppl sub-encoding to TS1/3 on input line 359.
Package textcomp Info: Setting pag sub-encoding to TS1/4 on input line 360.
Package textcomp Info: Setting pbk sub-encoding to TS1/4 on input line 361.
Package textcomp Info: Setting pnc sub-encoding to TS1/4 on input line 362.
Package textcomp Info: Setting pzc sub-encoding to TS1/4 on input line 363.
Package textcomp Info: Setting bch sub-encoding to TS1/4 on input line 364.
Package textcomp Info: Setting put sub-encoding to TS1/5 on input line 365.
Package textcomp Info: Setting uag sub-encoding to TS1/5 on input line 366.
Package textcomp Info: Setting ugq sub-encoding to TS1/5 on input line 367.
Package textcomp Info: Setting ul8 sub-encoding to TS1/4 on input line 368.
Package textcomp Info: Setting ul9 sub-encoding to TS1/4 on input line 369.
Package textcomp Info: Setting augie sub-encoding to TS1/5 on input line 370.
Package textcomp Info: Setting dayrom sub-encoding to TS1/3 on input line 371.
Package textcomp Info: Setting dayroms sub-encoding to TS1/3 on input line 372.

Package textcomp Info: Setting pxr sub-encoding to TS1/0 on input line 373.
Package textcomp Info: Setting pxss sub-encoding to TS1/0 on input line 374.
Package textcomp Info: Setting pxtt sub-encoding to TS1/0 on input line 375.
Package textcomp Info: Setting txr sub-encoding to TS1/0 on input line 376.
Package textcomp Info: Setting txss sub-encoding to TS1/0 on input line 377.
Package textcomp Info: Setting txtt sub-encoding to TS1/0 on input line 378.
Package textcomp Info: Setting lmr sub-encoding to TS1/0 on input line 379.
Package textcomp Info: Setting lmdh sub-encoding to TS1/0 on input line 380.
Package textcomp Info: Setting lmss sub-encoding to TS1/0 on input line 381.
Package textcomp Info: Setting lmssq sub-encoding to TS1/0 on input line 382.
Package textcomp Info: Setting lmvtt sub-encoding to TS1/0 on input line 383.
Package textcomp Info: Setting lmtt sub-encoding to TS1/0 on input line 384.
Package textcomp Info: Setting qhv sub-encoding to TS1/0 on input line 385.
Package textcomp Info: Setting qag sub-encoding to TS1/0 on input line 386.
Package textcomp Info: Setting qbk sub-encoding to TS1/0 on input line 387.
Package textcomp Info: Setting qcr sub-encoding to TS1/0 on input line 388.
Package textcomp Info: Setting qcs sub-encoding to TS1/0 on input line 389.
Package textcomp Info: Setting qpl sub-encoding to TS1/0 on input line 390.
Package textcomp Info: Setting qtm sub-encoding to TS1/0 on input line 391.
Package textcomp Info: Setting qzc sub-encoding to TS1/0 on input line 392.
Package textcomp Info: Setting qhvc sub-encoding to TS1/0 on input line 393.
Package textcomp Info: Setting futs sub-encoding to TS1/4 on input line 394.
Package textcomp Info: Setting futx sub-encoding to TS1/4 on input line 395.
Package textcomp Info: Setting futj sub-encoding to TS1/4 on input line 396.
Package textcomp Info: Setting hlh sub-encoding to TS1/3 on input line 397.
Package textcomp Info: Setting hls sub-encoding to TS1/3 on input line 398.
Package textcomp Info: Setting hlst sub-encoding to TS1/3 on input line 399.
Package textcomp Info: Setting hlct sub-encoding to TS1/5 on input line 400.
Package textcomp Info: Setting hlx sub-encoding to TS1/5 on input line 401.
Package textcomp Info: Setting hlce sub-encoding to TS1/5 on input line 402.
Package textcomp Info: Setting hlcn sub-encoding to TS1/5 on input line 403.
Package textcomp Info: Setting hlcw sub-encoding to TS1/5 on input line 404.
Package textcomp Info: Setting hlcf sub-encoding to TS1/5 on input line 405.
Package textcomp Info: Setting pplx sub-encoding to TS1/3 on input line 406.
Package textcomp Info: Setting pplj sub-encoding to TS1/3 on input line 407.
Package textcomp Info: Setting ptmx sub-encoding to TS1/4 on input line 408.
Package textcomp Info: Setting ptmj sub-encoding to TS1/4 on input line 409.
)
(/usr/local/texlive/2018/texmf-dist/tex/latex/booktabs/booktabs.sty
Package: booktabs 2016/04/27 v1.618033 publication quality tables
\heavyrulewidth=\dimen141
\lightrulewidth=\dimen142
\cmidrulewidth=\dimen143
\belowrulesep=\dimen144
\belowbottomsep=\dimen145
\aboverulesep=\dimen146
\abovetopsep=\dimen147
\cmidrulesep=\dimen148
\cmidrulekern=\dimen149
\defaultaddspace=\dimen150
\@cmidla=\count132
\@cmidlb=\count133
\@aboverulesep=\dimen151
\@belowrulesep=\dimen152
\@thisruleclass=\count134
\@lastruleclass=\count135
\@thisrulewidth=\dimen153
)
(/usr/local/texlive/2018/texmf-dist/tex/latex/pgf/frontendlayer/tikz.sty
(/usr/local/texlive/2018/texmf-dist/tex/latex/pgf/basiclayer/pgf.sty
(/usr/local/texlive/2018/texmf-dist/tex/latex/pgf/utilities/pgfrcs.sty
(/usr/local/texlive/2018/texmf-dist/tex/generic/pgf/utilities/pgfutil-common.te
x
\pgfutil@everybye=\toks26
\pgfutil@tempdima=\dimen154
\pgfutil@tempdimb=\dimen155

(/usr/local/texlive/2018/texmf-dist/tex/generic/pgf/utilities/pgfutil-common-li
sts.tex))
(/usr/local/texlive/2018/texmf-dist/tex/generic/pgf/utilities/pgfutil-latex.def
\pgfutil@abb=\box33
(/usr/local/texlive/2018/texmf-dist/tex/latex/ms/everyshi.sty
Package: everyshi 2001/05/15 v3.00 EveryShipout Package (MS)
))
(/usr/local/texlive/2018/texmf-dist/tex/generic/pgf/utilities/pgfrcs.code.tex
Package: pgfrcs 2015/08/07 v3.0.1a (rcs-revision 1.31)
))
Package: pgf 2015/08/07 v3.0.1a (rcs-revision 1.15)
(/usr/local/texlive/2018/texmf-dist/tex/latex/pgf/basiclayer/pgfcore.sty
(/usr/local/texlive/2018/texmf-dist/tex/latex/pgf/systemlayer/pgfsys.sty
(/usr/local/texlive/2018/texmf-dist/tex/generic/pgf/systemlayer/pgfsys.code.tex
Package: pgfsys 2014/07/09 v3.0.1a (rcs-revision 1.48)
(/usr/local/texlive/2018/texmf-dist/tex/generic/pgf/utilities/pgfkeys.code.tex
\pgfkeys@pathtoks=\toks27
\pgfkeys@temptoks=\toks28

(/usr/local/texlive/2018/texmf-dist/tex/generic/pgf/utilities/pgfkeysfiltered.c
ode.tex
\pgfkeys@tmptoks=\toks29
))
\pgf@x=\dimen156
\pgf@y=\dimen157
\pgf@xa=\dimen158
\pgf@ya=\dimen159
\pgf@xb=\dimen160
\pgf@yb=\dimen161
\pgf@xc=\dimen162
\pgf@yc=\dimen163
\w@pgf@writea=\write3
\r@pgf@reada=\read1
\c@pgf@counta=\count136
\c@pgf@countb=\count137
\c@pgf@countc=\count138
\c@pgf@countd=\count139
\t@pgf@toka=\toks30
\t@pgf@tokb=\toks31
\t@pgf@tokc=\toks32

(/usr/local/texlive/2018/texmf-dist/tex/generic/pgf/systemlayer/pgf.cfg
File: pgf.cfg 2008/05/14  (rcs-revision 1.7)
)
Driver file for pgf: pgfsys-pdftex.def

(/usr/local/texlive/2018/texmf-dist/tex/generic/pgf/systemlayer/pgfsys-pdftex.d
ef
File: pgfsys-pdftex.def 2014/10/11  (rcs-revision 1.35)

(/usr/local/texlive/2018/texmf-dist/tex/generic/pgf/systemlayer/pgfsys-common-p
df.def
File: pgfsys-common-pdf.def 2013/10/10  (rcs-revision 1.13)
)))
(/usr/local/texlive/2018/texmf-dist/tex/generic/pgf/systemlayer/pgfsyssoftpath.
code.tex
File: pgfsyssoftpath.code.tex 2013/09/09  (rcs-revision 1.9)
\pgfsyssoftpath@smallbuffer@items=\count140
\pgfsyssoftpath@bigbuffer@items=\count141
)
(/usr/local/texlive/2018/texmf-dist/tex/generic/pgf/systemlayer/pgfsysprotocol.
code.tex
File: pgfsysprotocol.code.tex 2006/10/16  (rcs-revision 1.4)
)) (/usr/local/texlive/2018/texmf-dist/tex/latex/xcolor/xcolor.sty
Package: xcolor 2016/05/11 v2.12 LaTeX color extensions (UK)

(/usr/local/texlive/2018/texmf-dist/tex/latex/graphics-cfg/color.cfg
File: color.cfg 2016/01/02 v1.6 sample color configuration
)
Package xcolor Info: Driver file: pdftex.def on input line 225.
Package xcolor Info: Model `cmy' substituted by `cmy0' on input line 1348.
Package xcolor Info: Model `hsb' substituted by `rgb' on input line 1352.
Package xcolor Info: Model `RGB' extended on input line 1364.
Package xcolor Info: Model `HTML' substituted by `rgb' on input line 1366.
Package xcolor Info: Model `Hsb' substituted by `hsb' on input line 1367.
Package xcolor Info: Model `tHsb' substituted by `hsb' on input line 1368.
Package xcolor Info: Model `HSB' substituted by `hsb' on input line 1369.
Package xcolor Info: Model `Gray' substituted by `gray' on input line 1370.
Package xcolor Info: Model `wave' substituted by `hsb' on input line 1371.
)
(/usr/local/texlive/2018/texmf-dist/tex/generic/pgf/basiclayer/pgfcore.code.tex
Package: pgfcore 2010/04/11 v3.0.1a (rcs-revision 1.7)
(/usr/local/texlive/2018/texmf-dist/tex/generic/pgf/math/pgfmath.code.tex
(/usr/local/texlive/2018/texmf-dist/tex/generic/pgf/math/pgfmathcalc.code.tex
(/usr/local/texlive/2018/texmf-dist/tex/generic/pgf/math/pgfmathutil.code.tex)
(/usr/local/texlive/2018/texmf-dist/tex/generic/pgf/math/pgfmathparser.code.tex
\pgfmath@dimen=\dimen164
\pgfmath@count=\count142
\pgfmath@box=\box34
\pgfmath@toks=\toks33
\pgfmath@stack@operand=\toks34
\pgfmath@stack@operation=\toks35
)
(/usr/local/texlive/2018/texmf-dist/tex/generic/pgf/math/pgfmathfunctions.code.
tex
(/usr/local/texlive/2018/texmf-dist/tex/generic/pgf/math/pgfmathfunctions.basic
.code.tex)
(/usr/local/texlive/2018/texmf-dist/tex/generic/pgf/math/pgfmathfunctions.trigo
nometric.code.tex)
(/usr/local/texlive/2018/texmf-dist/tex/generic/pgf/math/pgfmathfunctions.rando
m.code.tex)
(/usr/local/texlive/2018/texmf-dist/tex/generic/pgf/math/pgfmathfunctions.compa
rison.code.tex)
(/usr/local/texlive/2018/texmf-dist/tex/generic/pgf/math/pgfmathfunctions.base.
code.tex)
(/usr/local/texlive/2018/texmf-dist/tex/generic/pgf/math/pgfmathfunctions.round
.code.tex)
(/usr/local/texlive/2018/texmf-dist/tex/generic/pgf/math/pgfmathfunctions.misc.
code.tex)
(/usr/local/texlive/2018/texmf-dist/tex/generic/pgf/math/pgfmathfunctions.integ
erarithmetics.code.tex)))
(/usr/local/texlive/2018/texmf-dist/tex/generic/pgf/math/pgfmathfloat.code.tex
\c@pgfmathroundto@lastzeros=\count143
))
(/usr/local/texlive/2018/texmf-dist/tex/generic/pgf/basiclayer/pgfcorepoints.co
de.tex
File: pgfcorepoints.code.tex 2013/10/07  (rcs-revision 1.27)
\pgf@picminx=\dimen165
\pgf@picmaxx=\dimen166
\pgf@picminy=\dimen167
\pgf@picmaxy=\dimen168
\pgf@pathminx=\dimen169
\pgf@pathmaxx=\dimen170
\pgf@pathminy=\dimen171
\pgf@pathmaxy=\dimen172
\pgf@xx=\dimen173
\pgf@xy=\dimen174
\pgf@yx=\dimen175
\pgf@yy=\dimen176
\pgf@zx=\dimen177
\pgf@zy=\dimen178
)
(/usr/local/texlive/2018/texmf-dist/tex/generic/pgf/basiclayer/pgfcorepathconst
ruct.code.tex
File: pgfcorepathconstruct.code.tex 2013/10/07  (rcs-revision 1.29)
\pgf@path@lastx=\dimen179
\pgf@path@lasty=\dimen180
)
(/usr/local/texlive/2018/texmf-dist/tex/generic/pgf/basiclayer/pgfcorepathusage
.code.tex
File: pgfcorepathusage.code.tex 2014/11/02  (rcs-revision 1.24)
\pgf@shorten@end@additional=\dimen181
\pgf@shorten@start@additional=\dimen182
)
(/usr/local/texlive/2018/texmf-dist/tex/generic/pgf/basiclayer/pgfcorescopes.co
de.tex
File: pgfcorescopes.code.tex 2015/05/08  (rcs-revision 1.46)
\pgfpic=\box35
\pgf@hbox=\box36
\pgf@layerbox@main=\box37
\pgf@picture@serial@count=\count144
)
(/usr/local/texlive/2018/texmf-dist/tex/generic/pgf/basiclayer/pgfcoregraphicst
ate.code.tex
File: pgfcoregraphicstate.code.tex 2014/11/02  (rcs-revision 1.12)
\pgflinewidth=\dimen183
)
(/usr/local/texlive/2018/texmf-dist/tex/generic/pgf/basiclayer/pgfcoretransform
ations.code.tex
File: pgfcoretransformations.code.tex 2015/08/07  (rcs-revision 1.20)
\pgf@pt@x=\dimen184
\pgf@pt@y=\dimen185
\pgf@pt@temp=\dimen186
)
(/usr/local/texlive/2018/texmf-dist/tex/generic/pgf/basiclayer/pgfcorequick.cod
e.tex
File: pgfcorequick.code.tex 2008/10/09  (rcs-revision 1.3)
)
(/usr/local/texlive/2018/texmf-dist/tex/generic/pgf/basiclayer/pgfcoreobjects.c
ode.tex
File: pgfcoreobjects.code.tex 2006/10/11  (rcs-revision 1.2)
)
(/usr/local/texlive/2018/texmf-dist/tex/generic/pgf/basiclayer/pgfcorepathproce
ssing.code.tex
File: pgfcorepathprocessing.code.tex 2013/09/09  (rcs-revision 1.9)
)
(/usr/local/texlive/2018/texmf-dist/tex/generic/pgf/basiclayer/pgfcorearrows.co
de.tex
File: pgfcorearrows.code.tex 2015/05/14  (rcs-revision 1.43)
\pgfarrowsep=\dimen187
)
(/usr/local/texlive/2018/texmf-dist/tex/generic/pgf/basiclayer/pgfcoreshade.cod
e.tex
File: pgfcoreshade.code.tex 2013/07/15  (rcs-revision 1.15)
\pgf@max=\dimen188
\pgf@sys@shading@range@num=\count145
)
(/usr/local/texlive/2018/texmf-dist/tex/generic/pgf/basiclayer/pgfcoreimage.cod
e.tex
File: pgfcoreimage.code.tex 2013/07/15  (rcs-revision 1.18)

(/usr/local/texlive/2018/texmf-dist/tex/generic/pgf/basiclayer/pgfcoreexternal.
code.tex
File: pgfcoreexternal.code.tex 2014/07/09  (rcs-revision 1.21)
\pgfexternal@startupbox=\box38
))
(/usr/local/texlive/2018/texmf-dist/tex/generic/pgf/basiclayer/pgfcorelayers.co
de.tex
File: pgfcorelayers.code.tex 2013/07/18  (rcs-revision 1.7)
)
(/usr/local/texlive/2018/texmf-dist/tex/generic/pgf/basiclayer/pgfcoretranspare
ncy.code.tex
File: pgfcoretransparency.code.tex 2013/09/30  (rcs-revision 1.5)
)
(/usr/local/texlive/2018/texmf-dist/tex/generic/pgf/basiclayer/pgfcorepatterns.
code.tex
File: pgfcorepatterns.code.tex 2013/11/07  (rcs-revision 1.5)
)))
(/usr/local/texlive/2018/texmf-dist/tex/generic/pgf/modules/pgfmoduleshapes.cod
e.tex
File: pgfmoduleshapes.code.tex 2014/03/21  (rcs-revision 1.35)
\pgfnodeparttextbox=\box39
)
(/usr/local/texlive/2018/texmf-dist/tex/generic/pgf/modules/pgfmoduleplot.code.
tex
File: pgfmoduleplot.code.tex 2015/08/03  (rcs-revision 1.13)
)
(/usr/local/texlive/2018/texmf-dist/tex/latex/pgf/compatibility/pgfcomp-version
-0-65.sty
Package: pgfcomp-version-0-65 2007/07/03 v3.0.1a (rcs-revision 1.7)
\pgf@nodesepstart=\dimen189
\pgf@nodesepend=\dimen190
)
(/usr/local/texlive/2018/texmf-dist/tex/latex/pgf/compatibility/pgfcomp-version
-1-18.sty
Package: pgfcomp-version-1-18 2007/07/23 v3.0.1a (rcs-revision 1.1)
))
(/usr/local/texlive/2018/texmf-dist/tex/latex/pgf/utilities/pgffor.sty
(/usr/local/texlive/2018/texmf-dist/tex/latex/pgf/utilities/pgfkeys.sty
(/usr/local/texlive/2018/texmf-dist/tex/generic/pgf/utilities/pgfkeys.code.tex)
) (/usr/local/texlive/2018/texmf-dist/tex/latex/pgf/math/pgfmath.sty
(/usr/local/texlive/2018/texmf-dist/tex/generic/pgf/math/pgfmath.code.tex))
(/usr/local/texlive/2018/texmf-dist/tex/generic/pgf/utilities/pgffor.code.tex
Package: pgffor 2013/12/13 v3.0.1a (rcs-revision 1.25)

(/usr/local/texlive/2018/texmf-dist/tex/generic/pgf/math/pgfmath.code.tex)
\pgffor@iter=\dimen191
\pgffor@skip=\dimen192
\pgffor@stack=\toks36
\pgffor@toks=\toks37
))
(/usr/local/texlive/2018/texmf-dist/tex/generic/pgf/frontendlayer/tikz/tikz.cod
e.tex
Package: tikz 2015/08/07 v3.0.1a (rcs-revision 1.151)

(/usr/local/texlive/2018/texmf-dist/tex/generic/pgf/libraries/pgflibraryplothan
dlers.code.tex
File: pgflibraryplothandlers.code.tex 2013/08/31 v3.0.1a (rcs-revision 1.20)
\pgf@plot@mark@count=\count146
\pgfplotmarksize=\dimen193
)
\tikz@lastx=\dimen194
\tikz@lasty=\dimen195
\tikz@lastxsaved=\dimen196
\tikz@lastysaved=\dimen197
\tikzleveldistance=\dimen198
\tikzsiblingdistance=\dimen199
\tikz@figbox=\box40
\tikz@figbox@bg=\box41
\tikz@tempbox=\box42
\tikz@tempbox@bg=\box43
\tikztreelevel=\count147
\tikznumberofchildren=\count148
\tikznumberofcurrentchild=\count149
\tikz@fig@count=\count150

(/usr/local/texlive/2018/texmf-dist/tex/generic/pgf/modules/pgfmodulematrix.cod
e.tex
File: pgfmodulematrix.code.tex 2013/09/17  (rcs-revision 1.8)
\pgfmatrixcurrentrow=\count151
\pgfmatrixcurrentcolumn=\count152
\pgf@matrix@numberofcolumns=\count153
)
\tikz@expandcount=\count154

(/usr/local/texlive/2018/texmf-dist/tex/generic/pgf/frontendlayer/tikz/librarie
s/tikzlibrarytopaths.code.tex
File: tikzlibrarytopaths.code.tex 2008/06/17 v3.0.1a (rcs-revision 1.2)
)))
(/usr/local/texlive/2018/texmf-dist/tex/latex/multirow/multirow.sty
Package: multirow 2016/11/25 v2.2 Span multiple rows of a table
\multirow@colwidth=\skip60
\multirow@cntb=\count155
\multirow@dima=\skip61
\bigstrutjot=\dimen256
)
(/usr/local/texlive/2018/texmf-dist/tex/latex/geometry/geometry.sty
Package: geometry 2018/03/24 v5.7 Page Geometry

(/usr/local/texlive/2018/texmf-dist/tex/generic/oberdiek/ifvtex.sty
Package: ifvtex 2016/05/16 v1.6 Detect VTeX and its facilities (HO)
Package ifvtex Info: VTeX not detected.
)
\Gm@cnth=\count156
\Gm@cntv=\count157
\c@Gm@tempcnt=\count158
\Gm@bindingoffset=\dimen257
\Gm@wd@mp=\dimen258
\Gm@odd@mp=\dimen259
\Gm@even@mp=\dimen260
\Gm@layoutwidth=\dimen261
\Gm@layoutheight=\dimen262
\Gm@layouthoffset=\dimen263
\Gm@layoutvoffset=\dimen264
\Gm@dimlist=\toks38
)
(/usr/local/texlive/2018/texmf-dist/tex/latex/hyperref/hyperref.sty
Package: hyperref 2018/02/06 v6.86b Hypertext links for LaTeX

(/usr/local/texlive/2018/texmf-dist/tex/generic/oberdiek/hobsub-hyperref.sty
Package: hobsub-hyperref 2016/05/16 v1.14 Bundle oberdiek, subset hyperref (HO)


(/usr/local/texlive/2018/texmf-dist/tex/generic/oberdiek/hobsub-generic.sty
Package: hobsub-generic 2016/05/16 v1.14 Bundle oberdiek, subset generic (HO)
Package: hobsub 2016/05/16 v1.14 Construct package bundles (HO)
Package: infwarerr 2016/05/16 v1.4 Providing info/warning/error messages (HO)
Package: ltxcmds 2016/05/16 v1.23 LaTeX kernel commands for general use (HO)
Package: ifluatex 2016/05/16 v1.4 Provides the ifluatex switch (HO)
Package ifluatex Info: LuaTeX not detected.
Package hobsub Info: Skipping package `ifvtex' (already loaded).
Package: intcalc 2016/05/16 v1.2 Expandable calculations with integers (HO)
Package hobsub Info: Skipping package `ifpdf' (already loaded).
Package: etexcmds 2016/05/16 v1.6 Avoid name clashes with e-TeX commands (HO)
Package etexcmds Info: Could not find \expanded.
(etexcmds)             That can mean that you are not using pdfTeX 1.50 or
(etexcmds)             that some package has redefined \expanded.
(etexcmds)             In the latter case, load this package earlier.
Package: kvsetkeys 2016/05/16 v1.17 Key value parser (HO)
Package: kvdefinekeys 2016/05/16 v1.4 Define keys (HO)
Package: pdftexcmds 2018/01/30 v0.27 Utility functions of pdfTeX for LuaTeX (HO
)
Package pdftexcmds Info: LuaTeX not detected.
Package pdftexcmds Info: \pdf@primitive is available.
Package pdftexcmds Info: \pdf@ifprimitive is available.
Package pdftexcmds Info: \pdfdraftmode found.
Package: pdfescape 2016/05/16 v1.14 Implements pdfTeX's escape features (HO)
Package: bigintcalc 2016/05/16 v1.4 Expandable calculations on big integers (HO
)
Package: bitset 2016/05/16 v1.2 Handle bit-vector datatype (HO)
Package: uniquecounter 2016/05/16 v1.3 Provide unlimited unique counter (HO)
)
Package hobsub Info: Skipping package `hobsub' (already loaded).
Package: letltxmacro 2016/05/16 v1.5 Let assignment for LaTeX macros (HO)
Package: hopatch 2016/05/16 v1.3 Wrapper for package hooks (HO)
Package: xcolor-patch 2016/05/16 xcolor patch
Package: atveryend 2016/05/16 v1.9 Hooks at the very end of document (HO)
Package atveryend Info: \enddocument detected (standard20110627).
Package: atbegshi 2016/06/09 v1.18 At begin shipout hook (HO)
Package: refcount 2016/05/16 v3.5 Data extraction from label references (HO)
Package: hycolor 2016/05/16 v1.8 Color options for hyperref/bookmark (HO)
)
(/usr/local/texlive/2018/texmf-dist/tex/latex/oberdiek/auxhook.sty
Package: auxhook 2016/05/16 v1.4 Hooks for auxiliary files (HO)
)
(/usr/local/texlive/2018/texmf-dist/tex/latex/oberdiek/kvoptions.sty
Package: kvoptions 2016/05/16 v3.12 Key value format for package options (HO)
)
\@linkdim=\dimen265
\Hy@linkcounter=\count159
\Hy@pagecounter=\count160

(/usr/local/texlive/2018/texmf-dist/tex/latex/hyperref/pd1enc.def
File: pd1enc.def 2018/02/06 v6.86b Hyperref: PDFDocEncoding definition (HO)
Now handling font encoding PD1 ...
... no UTF-8 mapping file for font encoding PD1
)
\Hy@SavedSpaceFactor=\count161

(/usr/local/texlive/2018/texmf-dist/tex/latex/latexconfig/hyperref.cfg
File: hyperref.cfg 2002/06/06 v1.2 hyperref configuration of TeXLive
)
Package hyperref Info: Hyper figures OFF on input line 4509.
Package hyperref Info: Link nesting OFF on input line 4514.
Package hyperref Info: Hyper index ON on input line 4517.
Package hyperref Info: Plain pages OFF on input line 4524.
Package hyperref Info: Backreferencing OFF on input line 4529.
Package hyperref Info: Implicit mode ON; LaTeX internals redefined.
Package hyperref Info: Bookmarks ON on input line 4762.
\c@Hy@tempcnt=\count162

(/usr/local/texlive/2018/texmf-dist/tex/latex/url/url.sty
\Urlmuskip=\muskip11
Package: url 2013/09/16  ver 3.4  Verb mode for urls, etc.
)
LaTeX Info: Redefining \url on input line 5115.
\XeTeXLinkMargin=\dimen266
\Fld@menulength=\count163
\Field@Width=\dimen267
\Fld@charsize=\dimen268
Package hyperref Info: Hyper figures OFF on input line 6369.
Package hyperref Info: Link nesting OFF on input line 6374.
Package hyperref Info: Hyper index ON on input line 6377.
Package hyperref Info: backreferencing OFF on input line 6384.
Package hyperref Info: Link coloring OFF on input line 6389.
Package hyperref Info: Link coloring with OCG OFF on input line 6394.
Package hyperref Info: PDF/A mode OFF on input line 6399.
LaTeX Info: Redefining \ref on input line 6439.
LaTeX Info: Redefining \pageref on input line 6443.
\Hy@abspage=\count164
\c@Item=\count165
\c@Hfootnote=\count166
)
Package hyperref Info: Driver: hpdftex.

(/usr/local/texlive/2018/texmf-dist/tex/latex/hyperref/hpdftex.def
File: hpdftex.def 2018/02/06 v6.86b Hyperref driver for pdfTeX
\Fld@listcount=\count167
\c@bookmark@seq@number=\count168

(/usr/local/texlive/2018/texmf-dist/tex/latex/oberdiek/rerunfilecheck.sty
Package: rerunfilecheck 2016/05/16 v1.8 Rerun checks for auxiliary files (HO)
Package uniquecounter Info: New unique counter `rerunfilecheck' on input line 2
82.
)
\Hy@SectionHShift=\skip62
)
(/usr/local/texlive/2018/texmf-dist/tex/latex/base/fontenc.sty
Package: fontenc 2017/04/05 v2.0i Standard LaTeX package

(/usr/local/texlive/2018/texmf-dist/tex/latex/base/t1enc.def
File: t1enc.def 2017/04/05 v2.0i Standard LaTeX file
LaTeX Font Info:    Redeclaring font encoding T1 on input line 48.
))
(/usr/local/texlive/2018/texmf-dist/tex/latex/lettrine/lettrine.sty
File: lettrine.sty 2015/08/31 v1.9 (Daniel Flipo)
\c@DefaultLines=\count169
\c@DefaultDepth=\count170
\DefaultFindent=\dimen269
\DefaultNindent=\dimen270
\DefaultSlope=\dimen271
\DiscardVskip=\dimen272
\L@lbox=\box44
\L@tbox=\box45
\c@L@lines=\count171
\c@L@depth=\count172
\L@Pindent=\dimen273
\L@Findent=\dimen274
\L@Nindent=\dimen275
\L@lraise=\dimen276
\L@first=\dimen277
\L@next=\dimen278
\L@slope=\dimen279
\L@height=\dimen280
\L@novskip=\dimen281
\LettrineWidth=\dimen282
\LettrineHeight=\dimen283
\LettrineDepth=\dimen284

Loading lettrine.cfg
(/usr/local/texlive/2018/texmf-dist/tex/latex/lettrine/lettrine.cfg))
(/usr/local/texlive/2018/texmf-dist/tex/latex/metalogo/metalogo.sty
Package: metalogo 2010/05/29 v0.12 Extended TeX logo macros
\xl@everylogo=\toks39
\xl@@everylogo=\toks40
LaTeX Info: Redefining \TeX on input line 193.
LaTeX Info: Redefining \LaTeX on input line 202.
LaTeX Info: Redefining \LaTeXe on input line 219.
)
(/usr/local/texlive/2018/texmf-dist/tex/latex/natbib/natbib.sty
Package: natbib 2010/09/13 8.31b (PWD, AO)
\bibhang=\skip63
\bibsep=\skip64
LaTeX Info: Redefining \cite on input line 694.
\c@NAT@ctr=\count173
)
(/usr/local/texlive/2018/texmf-dist/tex/latex/titlesec/titlesec.sty
Package: titlesec 2016/03/21 v2.10.2 Sectioning titles
\ttl@box=\box46
\beforetitleunit=\skip65
\aftertitleunit=\skip66
\ttl@plus=\dimen285
\ttl@minus=\dimen286
\ttl@toksa=\toks41
\titlewidth=\dimen287
\titlewidthlast=\dimen288
\titlewidthfirst=\dimen289
)
(/usr/local/texlive/2018/texmf-dist/tex/latex/titlesec/titletoc.sty
Package: titletoc 2011/12/15 v1.6 TOC entries
\ttl@leftsep=\dimen290
)
(/usr/local/texlive/2018/texmf-dist/tex/latex/tocbibind/tocbibind.sty
Package: tocbibind 2010/10/13 v1.5k extra ToC listings
Package tocbibind Info: The document has chapter divisions on input line 50.


Package tocbibind Note: Using chapter style headings, unless overridden.

) (/usr/local/texlive/2018/texmf-dist/tex/latex/base/fontenc.sty
Package: fontenc 2017/04/05 v2.0i Standard LaTeX package

(/usr/local/texlive/2018/texmf-dist/tex/latex/base/t1enc.def
File: t1enc.def 2017/04/05 v2.0i Standard LaTeX file
LaTeX Font Info:    Redeclaring font encoding T1 on input line 48.
))
(/usr/local/texlive/2018/texmf-dist/tex/latex/lm/lmodern.sty
Package: lmodern 2009/10/30 v1.6 Latin Modern Fonts
LaTeX Font Info:    Overwriting symbol font `operators' in version `normal'
(Font)                  OT1/cmr/m/n --> OT1/lmr/m/n on input line 22.
LaTeX Font Info:    Overwriting symbol font `letters' in version `normal'
(Font)                  OML/cmm/m/it --> OML/lmm/m/it on input line 23.
LaTeX Font Info:    Overwriting symbol font `symbols' in version `normal'
(Font)                  OMS/cmsy/m/n --> OMS/lmsy/m/n on input line 24.
LaTeX Font Info:    Overwriting symbol font `largesymbols' in version `normal'
(Font)                  OMX/cmex/m/n --> OMX/lmex/m/n on input line 25.
LaTeX Font Info:    Overwriting symbol font `operators' in version `bold'
(Font)                  OT1/cmr/bx/n --> OT1/lmr/bx/n on input line 26.
LaTeX Font Info:    Overwriting symbol font `letters' in version `bold'
(Font)                  OML/cmm/b/it --> OML/lmm/b/it on input line 27.
LaTeX Font Info:    Overwriting symbol font `symbols' in version `bold'
(Font)                  OMS/cmsy/b/n --> OMS/lmsy/b/n on input line 28.
LaTeX Font Info:    Overwriting symbol font `largesymbols' in version `bold'
(Font)                  OMX/cmex/m/n --> OMX/lmex/m/n on input line 29.
LaTeX Font Info:    Overwriting math alphabet `\mathbf' in version `normal'
(Font)                  OT1/cmr/bx/n --> OT1/lmr/bx/n on input line 31.
LaTeX Font Info:    Overwriting math alphabet `\mathsf' in version `normal'
(Font)                  OT1/cmss/m/n --> OT1/lmss/m/n on input line 32.
LaTeX Font Info:    Overwriting math alphabet `\mathit' in version `normal'
(Font)                  OT1/cmr/m/it --> OT1/lmr/m/it on input line 33.
LaTeX Font Info:    Overwriting math alphabet `\mathtt' in version `normal'
(Font)                  OT1/cmtt/m/n --> OT1/lmtt/m/n on input line 34.
LaTeX Font Info:    Overwriting math alphabet `\mathbf' in version `bold'
(Font)                  OT1/cmr/bx/n --> OT1/lmr/bx/n on input line 35.
LaTeX Font Info:    Overwriting math alphabet `\mathsf' in version `bold'
(Font)                  OT1/cmss/bx/n --> OT1/lmss/bx/n on input line 36.
LaTeX Font Info:    Overwriting math alphabet `\mathit' in version `bold'
(Font)                  OT1/cmr/bx/it --> OT1/lmr/bx/it on input line 37.
LaTeX Font Info:    Overwriting math alphabet `\mathtt' in version `bold'
(Font)                  OT1/cmtt/m/n --> OT1/lmtt/m/n on input line 38.
)
(/usr/local/texlive/2018/texmf-dist/tex/latex/fourier/fourier.sty
Package: fourier 2005/01/01 1.4 fourier-GUTenberg package
Now handling font encoding FML ...
... no UTF-8 mapping file for font encoding FML
Now handling font encoding FMS ...
... no UTF-8 mapping file for font encoding FMS
Now handling font encoding FMX ...
... no UTF-8 mapping file for font encoding FMX

(/usr/local/texlive/2018/texmf-dist/tex/latex/base/fontenc.sty
Package: fontenc 2017/04/05 v2.0i Standard LaTeX package

(/usr/local/texlive/2018/texmf-dist/tex/latex/base/t1enc.def
File: t1enc.def 2017/04/05 v2.0i Standard LaTeX file
LaTeX Font Info:    Redeclaring font encoding T1 on input line 48.
))
(/usr/local/texlive/2018/texmf-dist/tex/latex/fourier/fourier-orns.sty
Package: fourier-orns 2004/01/30 1.1 fourier-ornaments package
)
LaTeX Font Info:    Redeclaring symbol font `operators' on input line 50.
LaTeX Font Info:    Encoding `OT1' has changed to `T1' for symbol font
(Font)              `operators' in the math version `normal' on input line 50.
LaTeX Font Info:    Overwriting symbol font `operators' in version `normal'
(Font)                  OT1/lmr/m/n --> T1/futs/m/n on input line 50.
LaTeX Font Info:    Encoding `OT1' has changed to `T1' for symbol font
(Font)              `operators' in the math version `bold' on input line 50.
LaTeX Font Info:    Overwriting symbol font `operators' in version `bold'
(Font)                  OT1/lmr/bx/n --> T1/futs/m/n on input line 50.
LaTeX Font Info:    Overwriting symbol font `operators' in version `bold'
(Font)                  T1/futs/m/n --> T1/futs/b/n on input line 51.
LaTeX Font Info:    Redeclaring symbol font `letters' on input line 59.
LaTeX Font Info:    Encoding `OML' has changed to `FML' for symbol font
(Font)              `letters' in the math version `normal' on input line 59.
LaTeX Font Info:    Overwriting symbol font `letters' in version `normal'
(Font)                  OML/lmm/m/it --> FML/futmi/m/it on input line 59.
LaTeX Font Info:    Encoding `OML' has changed to `FML' for symbol font
(Font)              `letters' in the math version `bold' on input line 59.
LaTeX Font Info:    Overwriting symbol font `letters' in version `bold'
(Font)                  OML/lmm/b/it --> FML/futmi/m/it on input line 59.
\symotherletters=\mathgroup6
LaTeX Font Info:    Overwriting symbol font `letters' in version `bold'
(Font)                  FML/futmi/m/it --> FML/futmi/b/it on input line 61.
LaTeX Font Info:    Overwriting symbol font `otherletters' in version `bold'
(Font)                  FML/futm/m/it --> FML/futm/b/it on input line 62.
LaTeX Font Info:    Redeclaring math symbol \Gamma on input line 63.
LaTeX Font Info:    Redeclaring math symbol \Delta on input line 64.
LaTeX Font Info:    Redeclaring math symbol \Theta on input line 65.
LaTeX Font Info:    Redeclaring math symbol \Lambda on input line 66.
LaTeX Font Info:    Redeclaring math symbol \Xi on input line 67.
LaTeX Font Info:    Redeclaring math symbol \Pi on input line 68.
LaTeX Font Info:    Redeclaring math symbol \Sigma on input line 69.
LaTeX Font Info:    Redeclaring math symbol \Upsilon on input line 70.
LaTeX Font Info:    Redeclaring math symbol \Phi on input line 71.
LaTeX Font Info:    Redeclaring math symbol \Psi on input line 72.
LaTeX Font Info:    Redeclaring math symbol \Omega on input line 73.
LaTeX Font Info:    Redeclaring symbol font `symbols' on input line 113.
LaTeX Font Info:    Encoding `OMS' has changed to `FMS' for symbol font
(Font)              `symbols' in the math version `normal' on input line 113.
LaTeX Font Info:    Overwriting symbol font `symbols' in version `normal'
(Font)                  OMS/lmsy/m/n --> FMS/futm/m/n on input line 113.
LaTeX Font Info:    Encoding `OMS' has changed to `FMS' for symbol font
(Font)              `symbols' in the math version `bold' on input line 113.
LaTeX Font Info:    Overwriting symbol font `symbols' in version `bold'
(Font)                  OMS/lmsy/b/n --> FMS/futm/m/n on input line 113.
LaTeX Font Info:    Redeclaring symbol font `largesymbols' on input line 114.
LaTeX Font Info:    Encoding `OMX' has changed to `FMX' for symbol font
(Font)              `largesymbols' in the math version `normal' on input line 1
14.
LaTeX Font Info:    Overwriting symbol font `largesymbols' in version `normal'
(Font)                  OMX/lmex/m/n --> FMX/futm/m/n on input line 114.
LaTeX Font Info:    Encoding `OMX' has changed to `FMX' for symbol font
(Font)              `largesymbols' in the math version `bold' on input line 114
.
LaTeX Font Info:    Overwriting symbol font `largesymbols' in version `bold'
(Font)                  OMX/lmex/m/n --> FMX/futm/m/n on input line 114.
LaTeX Font Info:    Redeclaring math alphabet \mathbf on input line 115.
LaTeX Font Info:    Overwriting math alphabet `\mathbf' in version `normal'
(Font)                  OT1/lmr/bx/n --> T1/futs/bx/n on input line 115.
LaTeX Font Info:    Overwriting math alphabet `\mathbf' in version `bold'
(Font)                  OT1/lmr/bx/n --> T1/futs/bx/n on input line 115.
LaTeX Font Info:    Redeclaring math alphabet \mathrm on input line 116.
LaTeX Font Info:    Redeclaring math alphabet \mathit on input line 117.
LaTeX Font Info:    Overwriting math alphabet `\mathit' in version `normal'
(Font)                  OT1/lmr/m/it --> T1/futs/m/it on input line 117.
LaTeX Font Info:    Overwriting math alphabet `\mathit' in version `bold'
(Font)                  OT1/lmr/bx/it --> T1/futs/m/it on input line 117.
LaTeX Font Info:    Redeclaring math alphabet \mathcal on input line 118.
LaTeX Font Info:    Redeclaring math symbol \varkappa on input line 119.
LaTeX Font Info:    Redeclaring math symbol \leqslant on input line 125.
LaTeX Font Info:    Redeclaring math symbol \geqslant on input line 126.
LaTeX Font Info:    Redeclaring math symbol \vDash on input line 129.
LaTeX Font Info:    Redeclaring math symbol \blacktriangleleft on input line 13
0.
LaTeX Font Info:    Redeclaring math symbol \blacktriangleright on input line 1
31.
LaTeX Font Info:    Redeclaring math symbol \nleqslant on input line 132.
LaTeX Font Info:    Redeclaring math symbol \ngeqslant on input line 133.
LaTeX Font Info:    Redeclaring math symbol \parallel on input line 134.
LaTeX Font Info:    Redeclaring math symbol \nparallel on input line 135.
LaTeX Font Info:    Redeclaring math symbol \nvDash on input line 137.
LaTeX Font Info:    Redeclaring math symbol \intercal on input line 138.
LaTeX Font Info:    Redeclaring math symbol \hslash on input line 139.
LaTeX Font Info:    Redeclaring math symbol \nexists on input line 140.
LaTeX Font Info:    Redeclaring math symbol \complement on input line 141.
LaTeX Font Info:    Redeclaring math symbol \varsubsetneq on input line 142.
LaTeX Font Info:    Redeclaring math symbol \hbar on input line 148.
LaTeX Font Info:    Redeclaring math symbol \smallsetminus on input line 149.
LaTeX Font Info:    Redeclaring math symbol \subsetneqq on input line 150.
LaTeX Font Info:    Redeclaring math symbol \rightrightarrows on input line 151
.
LaTeX Font Info:    Redeclaring math symbol \leftleftarrows on input line 152.
LaTeX Font Info:    Redeclaring math symbol \square on input line 153.
LaTeX Font Info:    Redeclaring math symbol \curvearrowleft on input line 154.
LaTeX Font Info:    Redeclaring math symbol \curvearrowright on input line 155.

LaTeX Font Info:    Redeclaring math symbol \blacksquare on input line 156.
LaTeX Font Info:    Redeclaring math symbol \varkappa on input line 186.
LaTeX Font Info:    Redeclaring math symbol \varvarrho on input line 187.
LaTeX Font Info:    Redeclaring math delimiter \Vert on input line 210.
LaTeX Font Info:    Redeclaring math delimiter \vert on input line 215.
LaTeX Font Info:    Redeclaring math delimiter \lvert on input line 217.
LaTeX Font Info:    Redeclaring math delimiter \rvert on input line 219.
LaTeX Font Info:    Redeclaring math delimiter \lVert on input line 221.
LaTeX Font Info:    Redeclaring math delimiter \rVert on input line 223.
LaTeX Font Info:    Redeclaring math delimiter \Downarrow on input line 225.
LaTeX Font Info:    Redeclaring math delimiter \backslash on input line 227.
LaTeX Font Info:    Redeclaring math delimiter \rangle on input line 229.
LaTeX Font Info:    Redeclaring math delimiter \langle on input line 231.
LaTeX Font Info:    Redeclaring math delimiter \rbrace on input line 233.
LaTeX Font Info:    Redeclaring math delimiter \lbrace on input line 235.
LaTeX Font Info:    Redeclaring math delimiter \rceil on input line 237.
LaTeX Font Info:    Redeclaring math delimiter \lceil on input line 239.
LaTeX Font Info:    Redeclaring math delimiter \rfloor on input line 241.
LaTeX Font Info:    Redeclaring math delimiter \lfloor on input line 243.
LaTeX Font Info:    Redeclaring math accent \acute on input line 247.
LaTeX Font Info:    Redeclaring math accent \grave on input line 248.
LaTeX Font Info:    Redeclaring math accent \ddot on input line 249.
LaTeX Font Info:    Redeclaring math accent \tilde on input line 250.
LaTeX Font Info:    Redeclaring math accent \bar on input line 251.
LaTeX Font Info:    Redeclaring math accent \breve on input line 252.
LaTeX Font Info:    Redeclaring math accent \check on input line 253.
LaTeX Font Info:    Redeclaring math accent \hat on input line 254.
LaTeX Font Info:    Redeclaring math accent \dot on input line 255.
LaTeX Font Info:    Redeclaring math accent \mathring on input line 256.
\symUfutm=\mathgroup7
)
\thumbheight=\skip67
\thumbedge=\skip68
\thumbhspace=\skip69
\thumbvspace=\skip70
\thumbwidth=\skip71
\thumbspacing=\skip72

(/usr/local/texlive/2018/texmf-dist/tex/generic/pgf/frontendlayer/tikz/librarie
s/tikzlibrarycalc.code.tex
File: tikzlibrarycalc.code.tex 2013/07/15 v3.0.1a (rcs-revision 1.9)
)
Package hyperref Info: Option `colorlinks' set `true' on input line 489.
) (./dissertation.aux (./title/title.aux)
(./preface/preface.aux) (./chapter-1-intro/chapter-1-intro.aux)
(./chapter-2-sp/chapter-2-sp.aux) (./chapter-3/chapter-3.aux)
(./chapter-4/chapter-4.aux) (./chapter-5/chapter-5.aux)
(./chapter-6/chapter-6.aux) (./chapter-7-appendix/Appendix.aux)
(./summary/summary.aux) (./cv/cv.aux) (./publications/publications.aux))
\openout1 = `dissertation.aux'.

LaTeX Font Info:    Checking defaults for OML/cmm/m/it on input line 3.
LaTeX Font Info:    ... okay on input line 3.
LaTeX Font Info:    Checking defaults for T1/cmr/m/n on input line 3.
LaTeX Font Info:    ... okay on input line 3.
LaTeX Font Info:    Checking defaults for OT1/cmr/m/n on input line 3.
LaTeX Font Info:    ... okay on input line 3.
LaTeX Font Info:    Checking defaults for OMS/cmsy/m/n on input line 3.
LaTeX Font Info:    ... okay on input line 3.
LaTeX Font Info:    Checking defaults for OMX/cmex/m/n on input line 3.
LaTeX Font Info:    ... okay on input line 3.
LaTeX Font Info:    Checking defaults for U/cmr/m/n on input line 3.
LaTeX Font Info:    ... okay on input line 3.
LaTeX Font Info:    Checking defaults for C00/song/m/n on input line 3.
LaTeX Font Info:    ... okay on input line 3.
LaTeX Font Info:    Checking defaults for C05/song/m/n on input line 3.
LaTeX Font Info:    ... okay on input line 3.
LaTeX Font Info:    Checking defaults for C09/song/m/n on input line 3.
LaTeX Font Info:    ... okay on input line 3.
LaTeX Font Info:    Checking defaults for C10/song/m/n on input line 3.
LaTeX Font Info:    ... okay on input line 3.
LaTeX Font Info:    Checking defaults for C20/song/m/n on input line 3.
LaTeX Font Info:    ... okay on input line 3.
LaTeX Font Info:    Checking defaults for C19/song/m/n on input line 3.
LaTeX Font Info:    ... okay on input line 3.
LaTeX Font Info:    Checking defaults for C40/song/m/n on input line 3.
LaTeX Font Info:    ... okay on input line 3.
LaTeX Font Info:    Checking defaults for C42/song/m/n on input line 3.
LaTeX Font Info:    ... okay on input line 3.
LaTeX Font Info:    Checking defaults for C43/song/m/n on input line 3.
LaTeX Font Info:    ... okay on input line 3.
LaTeX Font Info:    Checking defaults for C50/song/m/n on input line 3.
LaTeX Font Info:    ... okay on input line 3.
LaTeX Font Info:    Checking defaults for C52/song/m/n on input line 3.
LaTeX Font Info:    ... okay on input line 3.
LaTeX Font Info:    Checking defaults for C49/song/m/n on input line 3.
LaTeX Font Info:    ... okay on input line 3.
LaTeX Font Info:    Checking defaults for C60/mj/m/n on input line 3.
LaTeX Font Info:    ... okay on input line 3.
LaTeX Font Info:    Checking defaults for C61/mj/m/n on input line 3.
LaTeX Font Info:    ... okay on input line 3.
LaTeX Font Info:    Checking defaults for C63/mj/m/n on input line 3.
LaTeX Font Info:    ... okay on input line 3.
LaTeX Font Info:    Checking defaults for C64/mj/m/n on input line 3.
LaTeX Font Info:    ... okay on input line 3.
LaTeX Font Info:    Checking defaults for C65/mj/m/n on input line 3.
LaTeX Font Info:    ... okay on input line 3.
LaTeX Font Info:    Checking defaults for C70/song/m/n on input line 3.
LaTeX Font Info:    ... okay on input line 3.
LaTeX Font Info:    Checking defaults for C31/song/m/n on input line 3.
LaTeX Font Info:    ... okay on input line 3.
LaTeX Font Info:    Checking defaults for C32/song/m/n on input line 3.
LaTeX Font Info:    ... okay on input line 3.
LaTeX Font Info:    Checking defaults for C33/song/m/n on input line 3.
LaTeX Font Info:    ... okay on input line 3.
LaTeX Font Info:    Checking defaults for C34/song/m/n on input line 3.
LaTeX Font Info:    ... okay on input line 3.
LaTeX Font Info:    Checking defaults for C35/song/m/n on input line 3.
LaTeX Font Info:    ... okay on input line 3.
LaTeX Font Info:    Checking defaults for C36/song/m/n on input line 3.
LaTeX Font Info:    ... okay on input line 3.
LaTeX Font Info:    Checking defaults for C37/song/m/n on input line 3.
LaTeX Font Info:    ... okay on input line 3.
LaTeX Font Info:    Checking defaults for C80/song/m/n on input line 3.
LaTeX Font Info:    ... okay on input line 3.
LaTeX Font Info:    Checking defaults for C81/song/m/n on input line 3.
LaTeX Font Info:    ... okay on input line 3.
LaTeX Font Info:    Checking defaults for C01/song/m/n on input line 3.
LaTeX Font Info:    ... okay on input line 3.
LaTeX Font Info:    Checking defaults for C11/song/m/n on input line 3.
LaTeX Font Info:    ... okay on input line 3.
LaTeX Font Info:    Checking defaults for C21/song/m/n on input line 3.
LaTeX Font Info:    ... okay on input line 3.
LaTeX Font Info:    Checking defaults for C41/song/m/n on input line 3.
LaTeX Font Info:    ... okay on input line 3.
LaTeX Font Info:    Checking defaults for C62/song/m/n on input line 3.
LaTeX Font Info:    ... okay on input line 3.
LaTeX Font Info:    Checking defaults for TS1/cmr/m/n on input line 3.
LaTeX Font Info:    Try loading font information for TS1+cmr on input line 3.

(/usr/local/texlive/2018/texmf-dist/tex/latex/base/ts1cmr.fd
File: ts1cmr.fd 2014/09/29 v2.5h Standard LaTeX font definitions
)
LaTeX Font Info:    ... okay on input line 3.
LaTeX Font Info:    Checking defaults for PD1/pdf/m/n on input line 3.
LaTeX Font Info:    ... okay on input line 3.
LaTeX Font Info:    Checking defaults for FML/futm/m/it on input line 3.
LaTeX Font Info:    Try loading font information for FML+futm on input line 3.

(/usr/local/texlive/2018/texmf-dist/tex/latex/fourier/fmlfutm.fd
File: fmlfutm.fd 2004/10/30 Fontinst v1.926 font definitions for FML/futm.
)
LaTeX Font Info:    ... okay on input line 3.
LaTeX Font Info:    Checking defaults for FMS/futm/m/n on input line 3.
LaTeX Font Info:    Try loading font information for FMS+futm on input line 3.

(/usr/local/texlive/2018/texmf-dist/tex/latex/fourier/fmsfutm.fd
File: fmsfutm.fd 2004/10/30 Fontinst v1.926 font definitions for FMS/futm.
)
LaTeX Font Info:    ... okay on input line 3.
LaTeX Font Info:    Checking defaults for FMX/futm/m/n on input line 3.
LaTeX Font Info:    Try loading font information for FMX+futm on input line 3.

(/usr/local/texlive/2018/texmf-dist/tex/latex/fourier/fmxfutm.fd
File: fmxfutm.fd futm-extension
)
LaTeX Font Info:    ... okay on input line 3.
LaTeX Font Info:    Try loading font information for T1+futs on input line 3.

(/usr/local/texlive/2018/texmf-dist/tex/latex/fourier/t1futs.fd
File: t1futs.fd 2004/03/02 Fontinst v1.926 font definitions for T1/futs.
)
Package caption Info: Begin \AtBeginDocument code.
Package caption Info: hyperref package is loaded.
Package caption Info: End \AtBeginDocument code.

(/usr/local/texlive/2018/texmf-dist/tex/context/base/mkii/supp-pdf.mkii
[Loading MPS to PDF converter (version 2006.09.02).]
\scratchcounter=\count174
\scratchdimen=\dimen291
\scratchbox=\box47
\nofMPsegments=\count175
\nofMParguments=\count176
\everyMPshowfont=\toks42
\MPscratchCnt=\count177
\MPscratchDim=\dimen292
\MPnumerator=\count178
\makeMPintoPDFobject=\count179
\everyMPtoPDFconversion=\toks43
) (/usr/local/texlive/2018/texmf-dist/tex/latex/oberdiek/epstopdf-base.sty
Package: epstopdf-base 2016/05/15 v2.6 Base part for package epstopdf

(/usr/local/texlive/2018/texmf-dist/tex/latex/oberdiek/grfext.sty
Package: grfext 2016/05/16 v1.2 Manage graphics extensions (HO)
)
Package epstopdf-base Info: Redefining graphics rule for `.eps' on input line 4
38.
Package grfext Info: Graphics extension search list:
(grfext)             [.pdf,.png,.jpg,.mps,.jpeg,.jbig2,.jb2,.PDF,.PNG,.JPG,.JPE
G,.JBIG2,.JB2,.eps]
(grfext)             \AppendGraphicsExtensions on input line 456.

(/usr/local/texlive/2018/texmf-dist/tex/latex/latexconfig/epstopdf-sys.cfg
File: epstopdf-sys.cfg 2010/07/13 v1.3 Configuration of (r)epstopdf for TeX Liv
e
))
ABD: EveryShipout initializing macros
*geometry* detected driver: pdftex
*geometry* verbose mode - [ preamble ] result:
* driver: pdftex
* paper: custom
* layout: <same size as paper>
* layoutoffset:(h,v)=(0.0pt,0.0pt)
* modes: twoside 
* h-part:(L,W,R)=(48.36966pt, 362.77263pt, 72.55455pt)
* v-part:(T,H,B)=(54.62845pt, 546.29498pt, 81.9427pt)
* \paperwidth=483.69684pt
* \paperheight=682.86613pt
* \textwidth=362.77263pt
* \textheight=546.29498pt
* \oddsidemargin=-23.90033pt
* \evensidemargin=0.28456pt
* \topmargin=-47.70903pt
* \headheight=12.0pt
* \headsep=18.06749pt
* \topskip=10.0pt
* \footskip=25.29494pt
* \marginparwidth=125.0pt
* \marginparsep=7.0pt
* \columnsep=10.0pt
* \skip\footins=9.0pt plus 4.0pt minus 2.0pt
* \hoffset=0.0pt
* \voffset=0.0pt
* \mag=1000
* \@twocolumnfalse
* \@twosidetrue
* \@mparswitchtrue
* \@reversemarginfalse
* (1in=72.27pt=25.4mm, 1cm=28.453pt)

\AtBeginShipoutBox=\box48
Package hyperref Info: Link coloring ON on input line 3.
(/usr/local/texlive/2018/texmf-dist/tex/latex/hyperref/nameref.sty
Package: nameref 2016/05/21 v2.44 Cross-referencing by name of section

(/usr/local/texlive/2018/texmf-dist/tex/generic/oberdiek/gettitlestring.sty
Package: gettitlestring 2016/05/16 v1.5 Cleanup title references (HO)
)
\c@section@level=\count180
)
LaTeX Info: Redefining \ref on input line 3.
LaTeX Info: Redefining \pageref on input line 3.
LaTeX Info: Redefining \nameref on input line 3.

(./dissertation.out) (./dissertation.out)
\@outlinefile=\write4
\openout4 = `dissertation.out'.

\openout2 = `title/title.aux'.

 (./title/title.tex
LaTeX Font Info:    Font shape `T1/futs/bx/sc' in size <10> not available
(Font)              Font shape `T1/futs/b/sc' tried instead on input line 10.
LaTeX Font Info:    Font shape `T1/futs/bx/sc' in size <17.28> not available
(Font)              Font shape `T1/futs/b/sc' tried instead on input line 10.
 [1





{/usr/local/texlive/2018/texmf-var/fonts/map/pdftex/updmap/pdftex.map}] [2

]
LaTeX Font Info:    Font shape `T1/futs/bx/n' in size <14.4> not available
(Font)              Font shape `T1/futs/b/n' tried instead on input line 54.
LaTeX Font Info:    Font shape `T1/futs/bx/sc' in size <14.4> not available
(Font)              Font shape `T1/futs/b/sc' tried instead on input line 79.

(/usr/local/texlive/2018/texmf-dist/tex/latex/cjk/texinput/UTF8/UTF8.bdg
File: UTF8.bdg 2015/04/18 4.8.4
)
(/usr/local/texlive/2018/texmf-dist/tex/latex/cjk/texinput/UTF8/UTF8.enc
File: UTF8.enc 2015/04/18 4.8.4
)
(/usr/local/texlive/2018/texmf-dist/tex/latex/cjk/texinput/UTF8/UTF8.chr
File: UTF8.chr 2015/04/18 4.8.4
)
LaTeX Font Info:    Font shape `T1/futs/bx/n' in size <17.28> not available
(Font)              Font shape `T1/futs/b/n' tried instead on input line 85.
LaTeX Font Info:    Try loading font information for C70+gkai on input line 85.


(/usr/local/texlive/2018/texmf-dist/tex/latex/cjk/texinput/UTF8/c70gkai.fd
File: c70gkai.fd 2015/04/18 4.8.4
)
(/usr/local/texlive/2018/texmf-dist/tex/latex/cjk/texinput/UTF8/c70gkai.fdx
File: c70gkai.fdx 2015/04/18 4.8.4
)

LaTeX Font Warning: Font shape `C70/gkai/bx/sc' undefined
(Font)              using `C70/gkai/bx/n' instead on input line 85.

[3]
LaTeX Font Info:    Try loading font information for FML+futmi on input line 10
9.
 (/usr/local/texlive/2018/texmf-dist/tex/latex/fourier/fmlfutmi.fd
File: fmlfutmi.fd 2004/10/30 Fontinst v1.926 font definitions for FML/futmi.
)
LaTeX Font Info:    Font shape `FMX/futm/m/n' will be
(Font)              scaled to size 9.19998pt on input line 109.
LaTeX Font Info:    Font shape `FMX/futm/m/n' will be
(Font)              scaled to size 6.99199pt on input line 109.
LaTeX Font Info:    Font shape `FMX/futm/m/n' will be
(Font)              scaled to size 5.51999pt on input line 109.
LaTeX Font Info:    Try loading font information for U+msa on input line 109.

(/usr/local/texlive/2018/texmf-dist/tex/latex/amsfonts/umsa.fd
File: umsa.fd 2013/01/14 v3.01 AMS symbols A
)
LaTeX Font Info:    Try loading font information for U+msb on input line 109.

(/usr/local/texlive/2018/texmf-dist/tex/latex/amsfonts/umsb.fd
File: umsb.fd 2013/01/14 v3.01 AMS symbols B
)
LaTeX Font Info:    Font shape `U/futm/m/n' will be
(Font)              scaled to size 9.19998pt on input line 109.
LaTeX Font Info:    Font shape `U/futm/m/n' will be
(Font)              scaled to size 6.99199pt on input line 109.
LaTeX Font Info:    Font shape `U/futm/m/n' will be
(Font)              scaled to size 5.51999pt on input line 109.
<title/logos/tudelft.pdf, id=275, 143.53625pt x 41.15375pt>
File: title/logos/tudelft.pdf Graphic file (type pdf)
<use title/logos/tudelft.pdf>
Package pdftex.def Info: title/logos/tudelft.pdf  used on input line 145.
(pdftex.def)             Requested size: 126.03412pt x 36.135pt.
<title/logos/casimir.png, id=276, 253.4268pt x 98.0463pt>
File: title/logos/casimir.png Graphic file (type png)
<use title/logos/casimir.png>
Package pdftex.def Info: title/logos/casimir.png  used on input line 147.
(pdftex.def)             Requested size: 93.40294pt x 36.135pt.
<title/logos/fom.pdf, id=277, 72.27pt x 52.195pt>
File: title/logos/fom.pdf Graphic file (type pdf)
<use title/logos/fom.pdf>
Package pdftex.def Info: title/logos/fom.pdf  used on input line 148.
(pdftex.def)             Requested size: 50.03616pt x 36.135pt.
<title/logos/nwo.pdf, id=278, 234.8775pt x 54.2025pt>
File: title/logos/nwo.pdf Graphic file (type pdf)
<use title/logos/nwo.pdf>
Package pdftex.def Info: title/logos/nwo.pdf  used on input line 150.
(pdftex.def)             Requested size: 156.59297pt x 36.135pt.

Overfull \hbox (5.99998pt too wide) in paragraph at lines 154--160
[] 
 []

LaTeX Font Info:    Try loading font information for TS1+futs on input line 163
.
(/usr/local/texlive/2018/texmf-dist/tex/latex/fourier/ts1futs.fd
File: ts1futs.fd 2004/03/26 Fontinst v1.926 font definitions for TS1/futs.
)
LaTeX Font Info:    Try loading font information for T1+lmtt on input line 175.


(/usr/local/texlive/2018/texmf-dist/tex/latex/lm/t1lmtt.fd
File: t1lmtt.fd 2009/10/30 v1.6 Font defs for Latin Modern
) [4

 <./title/logos/tudelft.pdf> <./title/logos/casimir.png> <./title/logos/fom.pdf
> <./title/logos/nwo.pdf>]) [5

] [6

]
\openout2 = `preface/preface.aux'.

 (./preface/preface.tex
LaTeX Font Info:    Font shape `T1/futs/bx/sc' in size <24.88> not available
(Font)              Font shape `T1/futs/b/sc' tried instead on input line 1.
) [7



] [8


] (./dissertation.toc
LaTeX Font Info:    Font shape `T1/futs/bx/n' in size <10> not available
(Font)              Font shape `T1/futs/b/n' tried instead on input line 7.
 [9])
\tf@toc=\write5
\openout5 = `dissertation.toc'.


[10]
\openout2 = `chapter-1-intro/chapter-1-intro.aux'.

 (./chapter-1-intro/chapter-1-intro.tex
Chapter 1.
LaTeX Font Info:    Font shape `T1/futs/bx/sc' in size <96> not available
(Font)              Font shape `T1/futs/b/sc' tried instead on input line 1.
LaTeX Font Info:    Font shape `FMX/futm/m/n' will be
(Font)              scaled to size 7.35999pt on input line 6.
LaTeX Font Info:    Font shape `FMX/futm/m/n' will be
(Font)              scaled to size 6.25598pt on input line 6.
LaTeX Font Info:    Font shape `U/futm/m/n' will be
(Font)              scaled to size 7.35999pt on input line 6.
LaTeX Font Info:    Font shape `U/futm/m/n' will be
(Font)              scaled to size 6.25598pt on input line 6.

Package hyperref Warning: Ignoring empty anchor on input line 6.

LaTeX Font Info:    Font shape `T1/futs/bx/n' in size <8> not available
(Font)              Font shape `T1/futs/b/n' tried instead on input line 6.

Package natbib Warning: Citation `Einstein1906' on page 1 undefined on input li
ne 6.

[1




]

Package natbib Warning: Citation `wikilensdesign' on page 2 undefined on input 
line 43.


Package natbib Warning: Citation `Feder:63' on page 2 undefined on input line 4
3.


Package natbib Warning: Citation `GrossHBOvol3' on page 2 undefined on input li
ne 43.

LaTeX Font Info:    Font shape `T1/futs/bx/n' in size <18> not available
(Font)              Font shape `T1/futs/b/n' tried instead on input line 64.
[2]
Overfull \hbox (14.37016pt too wide) in paragraph at lines 73--74
\T1/futs/m/n/10 con-tain-ing, for ex-am-ple, the ac-knowl-edge-ments. An ex-am-
ple can be found in \T1/lmtt/m/n/10 preface.tex\T1/futs/m/n/10 .
 []


Overfull \hbox (0.99669pt too wide) in paragraph at lines 73--74
\T1/futs/m/n/10 The ta-ble of con-tents is gen-er-ated au-to-mat-i-cally with t
he \T1/lmtt/m/n/10 \tableofcontents \T1/futs/m/n/10 com-mand.
 []

[3]
Overfull \hbox (28.47644pt too wide) in paragraph at lines 106--107
[]\T1/lmtt/m/n/10 \chapter[Short title]{Very long title with many words which c
ould
 []


Overfull \hbox (23.22646pt too wide) in paragraph at lines 120--121
[]\T1/lmtt/m/n/10 \blfootnote{Parts of this chapter have been published in Anna
len
 []

[4]
LaTeX Font Info:    Font shape `T1/futs/bx/sc' in size <12> not available
(Font)              Font shape `T1/futs/b/sc' tried instead on input line 132.
 [5]
No file chapter-1-intro/chapter-1-intro.bbl.
) [6]
\openout2 = `chapter-2-sp/chapter-2-sp.aux'.

 (./chapter-2-sp/chapter-2-sp.tex
Chapter 2.
[7




]

Package natbib Warning: Citation `MVTurnhoutSPC15' on page 8 undefined on input
 line 31.

<chapter-2-sp/figures/FigSPCDemo.png, id=491, 530.73282pt x 207.77625pt>
File: chapter-2-sp/figures/FigSPCDemo.png Graphic file (type png)
<use chapter-2-sp/figures/FigSPCDemo.png>
Package pdftex.def Info: chapter-2-sp/figures/FigSPCDemo.png  used on input lin
e 35.
(pdftex.def)             Requested size: 360.89354pt x 141.28596pt.

Package natbib Warning: Citation `MVTurnhoutSPC15' on page 8 undefined on input
 line 47.

[8 <./chapter-2-sp/figures/FigSPCDemo.png>]
<chapter-2-sp/figures/SPCscan.png, id=505, 349.305pt x 143.78719pt>
File: chapter-2-sp/figures/SPCscan.png Graphic file (type png)
<use chapter-2-sp/figures/SPCscan.png>
Package pdftex.def Info: chapter-2-sp/figures/SPCscan.png  used on input line 5
5.
(pdftex.def)             Requested size: 279.44437pt x 115.02989pt.

Underfull \vbox (badness 10000) has occurred while \output is active []

 [9 <./chapter-2-sp/figures/SPCscan.png>]
Overfull \hbox (28.47644pt too wide) in paragraph at lines 91--92
[]\T1/lmtt/m/n/10 \chapter[Short title]{Very long title with many words which c
ould
 []


Overfull \hbox (23.22646pt too wide) in paragraph at lines 105--106
[]\T1/lmtt/m/n/10 \blfootnote{Parts of this chapter have been published in Anna
len
 []

[10] [11]
No file chapter-2-sp/chapter-2-sp.bbl.
) [12]
\openout2 = `chapter-3/chapter-3.aux'.

 (./chapter-3/chapter-3.tex
Chapter 3.
pdfTeX warning (ext4): destination with the same identifier (name{Hfootnote.2})
 has been already used, duplicate ignored
<to be read again> 
                   \relax 
l.13 ...tbf{55}, 10449 (2016) \cite{HouSimple16}.}
                                                  

Package natbib Warning: Citation `HouSimple16' on page 13 undefined on input li
ne 13.


Package natbib Warning: Citation `HouSimple16' on page 13 undefined on input li
ne 36.


Package natbib Warning: Citation `BociortThinLens2004' on page 13 undefined on 
input line 39.


Package natbib Warning: Citation `PascalTriplet2009' on page 13 undefined on in
put line 39.


Package natbib Warning: Citation `BociortTripletExplained2010' on page 13 undef
ined on input line 39.


Package natbib Warning: Citation `BociortToyModel2010' on page 13 undefined on 
input line 39.


Package natbib Warning: Citation `MVTurnhoutSPC15' on page 13 undefined on inpu
t line 43.

[13




]

Package natbib Warning: Citation `Strauch2015' on page 14 undefined on input li
ne 49.

<chapter-3/figures/WidePinLens.png, id=536, 351.56343pt x 128.73094pt>
File: chapter-3/figures/WidePinLens.png Graphic file (type png)
<use chapter-3/figures/WidePinLens.png>
Package pdftex.def Info: chapter-3/figures/WidePinLens.png  used on input line 
53.
(pdftex.def)             Requested size: 253.12547pt x 92.68619pt.

LaTeX Warning: `!h' float specifier changed to `!ht'.


Package natbib Warning: Citation `KuperGO1992' on page 14 undefined on input li
ne 84.


Package natbib Warning: Citation `RogersGO2006' on page 14 undefined on input l
ine 84.


Package natbib Warning: Citation `MarinescuSPD07' on page 14 undefined on input
 line 84.

[14 <./chapter-3/figures/WidePinLens.png>]
<chapter-3/figures/WideAngleSwitch.png, id=545, 502.12593pt x 267.24844pt>
File: chapter-3/figures/WideAngleSwitch.png Graphic file (type png)
<use chapter-3/figures/WideAngleSwitch.png>
Package pdftex.def Info: chapter-3/figures/WideAngleSwitch.png  used on input l
ine 90.
(pdftex.def)             Requested size: 341.44112pt x 181.72653pt.


LaTeX Warning: `!h' float specifier changed to `!ht'.


Underfull \vbox (badness 10000) has occurred while \output is active []

 [15]

Package natbib Warning: Citation `LivshitsQA2013' on page 16 undefined on input
 line 101.

<chapter-3/figures/WideAngleDesign.png, id=557, 596.2275pt x 255.20343pt>
File: chapter-3/figures/WideAngleDesign.png Graphic file (type png)
<use chapter-3/figures/WideAngleDesign.png>
Package pdftex.def Info: chapter-3/figures/WideAngleDesign.png  used on input l
ine 105.
(pdftex.def)             Requested size: 362.77263pt x 155.27666pt.

LaTeX Warning: `!h' float specifier changed to `!ht'.


Underfull \vbox (badness 10000) has occurred while \output is active []

 [16 <./chapter-3/figures/WideAngleSwitch.png>]
Overfull \hbox (2.11629pt too wide) in paragraph at lines 117--117
\T1/futs/m/sc/14.4 min-ima in a suc-ce-sion of one-dimensional searches| 
 []


Package natbib Warning: Citation `HouProc2015' on page 17 undefined on input li
ne 124.


Underfull \vbox (badness 10000) has occurred while \output is active []



Package Fancyhdr Warning: \headheight is too small (12.0pt): 
 Make it at least 21.95503pt.
 We now make it that large for the rest of the document.
 This may cause the page layout to be inconsistent, however.

[17 <./chapter-3/figures/WideAngleDesign.png>]
<chapter-3/figures/Single2Double.png, id=573, 424.58624pt x 138.5175pt>
File: chapter-3/figures/Single2Double.png Graphic file (type png)
<use chapter-3/figures/Single2Double.png>
Package pdftex.def Info: chapter-3/figures/Single2Double.png  used on input lin
e 129.
(pdftex.def)             Requested size: 362.77263pt x 118.35759pt.
 [18 <./chapter-3/figures/Single2Double.png>]
Underfull \vbox (badness 10000) has occurred while \output is active []



Package Fancyhdr Warning: \headheight is too small (12.0pt): 
 Make it at least 21.95503pt.
 We now make it that large for the rest of the document.
 This may cause the page layout to be inconsistent, however.

[19]
<chapter-3/figures/TripletNetwork.png, id=598, 854.44218pt x 568.37344pt>
File: chapter-3/figures/TripletNetwork.png Graphic file (type png)
<use chapter-3/figures/TripletNetwork.png>
Package pdftex.def Info: chapter-3/figures/TripletNetwork.png  used on input li
ne 154.
(pdftex.def)             Requested size: 427.22005pt x 284.18602pt.


LaTeX Warning: `!h' float specifier changed to `!ht'.

<chapter-3/figures/TripletMoNoNetwork.png, id=600, 665.48625pt x 399.74344pt>
File: chapter-3/figures/TripletMoNoNetwork.png Graphic file (type png)
<use chapter-3/figures/TripletMoNoNetwork.png>
Package pdftex.def Info: chapter-3/figures/TripletMoNoNetwork.png  used on inpu
t line 161.
(pdftex.def)             Requested size: 362.77263pt x 217.91379pt.

LaTeX Warning: `!h' float specifier changed to `!ht'.

<chapter-3/figures/thicknesschange.png, id=611, 271.76532pt x 216.81pt>
File: chapter-3/figures/thicknesschange.png Graphic file (type png)
<use chapter-3/figures/thicknesschange.png>
Package pdftex.def Info: chapter-3/figures/thicknesschange.png  used on input l
ine 172.
(pdftex.def)             Requested size: 190.23442pt x 151.76596pt.

LaTeX Warning: `!h' float specifier changed to `!ht'.


Package natbib Warning: Citation `vanTurnhoutThesis2009' on page 20 undefined o
n input line 181.


Underfull \vbox (badness 10000) has occurred while \output is active []

 [20]
Underfull \vbox (badness 2027) has occurred while \output is active []

 [21 <./chapter-3/figures/TripletNetwork.png>] [22 <./chapter-3/figures/Triplet
MoNoNetwork.png> <./chapter-3/figures/thicknesschange.png>]
<chapter-3/figures/FOVvarying.png, id=633, 610.53094pt x 269.50688pt>
File: chapter-3/figures/FOVvarying.png Graphic file (type png)
<use chapter-3/figures/FOVvarying.png>
Package pdftex.def Info: chapter-3/figures/FOVvarying.png  used on input line 1
88.
(pdftex.def)             Requested size: 362.77263pt x 160.14267pt.
<chapter-3/figures/PhaseTransition_field.png, id=634, 645.91313pt x 382.42876pt
>
File: chapter-3/figures/PhaseTransition_field.png Graphic file (type png)
<use chapter-3/figures/PhaseTransition_field.png>
Package pdftex.def Info: chapter-3/figures/PhaseTransition_field.png  used on i
nput line 195.
(pdftex.def)             Requested size: 362.77263pt x 214.78885pt.


LaTeX Warning: `!h' float specifier changed to `!ht'.

<chapter-3/figures/SystemBorn.png, id=635, 651.93562pt x 773.89125pt>
File: chapter-3/figures/SystemBorn.png Graphic file (type png)
<use chapter-3/figures/SystemBorn.png>
Package pdftex.def Info: chapter-3/figures/SystemBorn.png  used on input line 2
02.
(pdftex.def)             Requested size: 290.21921pt x 344.51633pt.

LaTeX Warning: `!h' float specifier changed to `!ht'.

<chapter-3/figures/SystemDie.png, id=636, 772.38562pt x 695.59875pt>
File: chapter-3/figures/SystemDie.png Graphic file (type png)
<use chapter-3/figures/SystemDie.png>
Package pdftex.def Info: chapter-3/figures/SystemDie.png  used on input line 20
9.
(pdftex.def)             Requested size: 290.21921pt x 261.36897pt.

LaTeX Warning: `!h' float specifier changed to `!ht'.

<chapter-3/figures/SystemReborn_vt.png, id=637, 1090.0725pt x 746.03719pt>
File: chapter-3/figures/SystemReborn_vt.png Graphic file (type png)
<use chapter-3/figures/SystemReborn_vt.png>
Package pdftex.def Info: chapter-3/figures/SystemReborn_vt.png  used on input l
ine 216.
(pdftex.def)             Requested size: 290.21921pt x 198.62097pt.

LaTeX Warning: `!h' float specifier changed to `!ht'.

[23 <./chapter-3/figures/FOVvarying.png>]

Package natbib Warning: Citation `LivshitsSP2014' on page 24 undefined on input
 line 231.

[24 <./chapter-3/figures/PhaseTransition_field.png>] [25 <./chapter-3/figures/S
ystemBorn.png>]

LaTeX Warning: Text page 26 contains only floats.

[26 <./chapter-3/figures/SystemDie.png> <./chapter-3/figures/SystemReborn_vt.pn
g>]

Package natbib Warning: Citation `DilworthSP2012' on page 27 undefined on input
 line 240.


Package natbib Warning: Citation `MarinescuSP2008' on page 27 undefined on inpu
t line 240.


Package natbib Warning: Citation `BociortPatent2010' on page 27 undefined on in
put line 240.


Package natbib Warning: Citation `LivshitsSP2014' on page 27 undefined on input
 line 240.


Package natbib Warning: Citation `MVTurnhoutSPC15' on page 27 undefined on inpu
t line 242.


Package natbib Warning: Citation `BociortToyModel2010' on page 27 undefined on 
input line 242.

No file chapter-3/chapter-3.bbl.
) [27]
\openout2 = `chapter-4/chapter-4.aux'.

 (./chapter-4/chapter-4.tex [28




]
Chapter 4.

Package natbib Warning: Citation `PascalTriplet2009' on page 29 undefined on in
put line 38.


Package natbib Warning: Citation `HouSimple16' on page 29 undefined on input li
ne 38.


Package natbib Warning: Citation `Matsuyama2006_LithoHis' on page 29 undefined 
on input line 43.


Package natbib Warning: Citation `LivshitsQA2013' on page 29 undefined on input
 line 43.


Package natbib Warning: Citation `Shafer1995_moreless' on page 29 undefined on 
input line 43.


Package natbib Warning: Citation `Cao2017_GroupDesign' on page 29 undefined on 
input line 43.

[29]

Package natbib Warning: Citation `Cao2017_GroupDesign' on page 30 undefined on 
input line 45.


Package natbib Warning: Citation `MarinescuSP2008' on page 30 undefined on inpu
t line 45.


Package natbib Warning: Citation `MarinescuSPS2008_p2' on page 30 undefined on 
input line 45.


Package natbib Warning: Citation `vanTurnhoutThesis2009' on page 30 undefined o
n input line 45.


Overfull \hbox (8.73938pt too wide) in paragraph at lines 48--48
|[][]\T1/futs/m/sc/14.4 Investigation of a wide an-gle lens with six el-e-ments
| 
 []


Package natbib Warning: Citation `Sahin:18DisCorrec' on page 30 undefined on in
put line 49.


Package natbib Warning: Citation `LivshitsQA2013' on page 30 undefined on input
 line 71.

[30]
<chapter-4/figures/WideAngleL.png, id=700, 523.4757pt x 329.5512pt>
File: chapter-4/figures/WideAngleL.png Graphic file (type png)
<use chapter-4/figures/WideAngleL.png>
Package pdftex.def Info: chapter-4/figures/WideAngleL.png  used on input line 7
5.
(pdftex.def)             Requested size: 355.95876pt x 224.09183pt.
 [31 <./chapter-4/figures/WideAngleL.png (PNG copy)>]
<chapter-4/figures/WAL_combine.png, id=708, 552.8655pt x 170.5572pt>
File: chapter-4/figures/WAL_combine.png Graphic file (type png)
<use chapter-4/figures/WAL_combine.png>
Package pdftex.def Info: chapter-4/figures/WAL_combine.png  used on input line 
86.
(pdftex.def)             Requested size: 253.93973pt x 78.34015pt.
<chapter-4/figures/WAL_network.png, id=711, 910.90312pt x 402.00188pt>
File: chapter-4/figures/WAL_network.png Graphic file (type png)
<use chapter-4/figures/WAL_network.png>
Package pdftex.def Info: chapter-4/figures/WAL_network.png  used on input line 
97.
(pdftex.def)             Requested size: 290.21921pt x 128.07889pt.


LaTeX Warning: `!h' float specifier changed to `!ht'.

<chapter-4/figures/WAL_demo_sp_2.png, id=715, 1107.6582pt x 587.3142pt>
File: chapter-4/figures/WAL_demo_sp_2.png Graphic file (type png)
<use chapter-4/figures/WAL_demo_sp_2.png>
Package pdftex.def Info: chapter-4/figures/WAL_demo_sp_2.png  used on input lin
e 106.
(pdftex.def)             Requested size: 362.77263pt x 192.35353pt.

Package natbib Warning: Citation `MVTurnhoutSPC15' on page 32 undefined on inpu
t line 110.


Underfull \vbox (badness 10000) has occurred while \output is active []

 [32 <./chapter-4/figures/WAL_combine.png (PNG copy)>]

LaTeX Warning: `!h' float specifier changed to `!ht'.


Underfull \vbox (badness 10000) has occurred while \output is active []

 [33 <./chapter-4/figures/WAL_network.png>]
<chapter-4/figures/hyperplane.png, id=733, 973.38657pt x 529.22719pt>
File: chapter-4/figures/hyperplane.png Graphic file (type png)
<use chapter-4/figures/hyperplane.png>
Package pdftex.def Info: chapter-4/figures/hyperplane.png  used on input line 1
26.
(pdftex.def)             Requested size: 235.79999pt x 128.2042pt.
 [34 <./chapter-4/figures/WAL_demo_sp_2.png (PNG copy)> <./chapter-4/figures/hy
perplane.png>]
<chapter-4/figures/Line_Opt_table.png, id=747, 1334.73656pt x 389.95688pt>
File: chapter-4/figures/Line_Opt_table.png Graphic file (type png)
<use chapter-4/figures/Line_Opt_table.png>
Package pdftex.def Info: chapter-4/figures/Line_Opt_table.png  used on input li
ne 141.
(pdftex.def)             Requested size: 355.51563pt x 103.86765pt.

Overfull \hbox (13.813pt too wide) in paragraph at lines 139--143
 []|  [] 
 []

<chapter-4/figures/Scanning_Line_plot.png, id=748, 784.1295pt x 188.8656pt>
File: chapter-4/figures/Scanning_Line_plot.png Graphic file (type png)
<use chapter-4/figures/Scanning_Line_plot.png>
Package pdftex.def Info: chapter-4/figures/Scanning_Line_plot.png  used on inpu
t line 146.
(pdftex.def)             Requested size: 344.63289pt x 83.00601pt.
<chapter-4/figures/Basins_two_situations.png, id=754, 388.0899pt x 377.4903pt>
File: chapter-4/figures/Basins_two_situations.png Graphic file (type png)
<use chapter-4/figures/Basins_two_situations.png>
Package pdftex.def Info: chapter-4/figures/Basins_two_situations.png  used on i
nput line 153.
(pdftex.def)             Requested size: 290.21921pt x 282.31061pt.

Package natbib Warning: Citation `vanTurnhoutThesis2009' on page 35 undefined o
n input line 157.

<chapter-4/figures/M3-S5_basins.png, id=758, 479.6319pt x 333.6465pt>
File: chapter-4/figures/M3-S5_basins.png Graphic file (type png)
<use chapter-4/figures/M3-S5_basins.png>
Package pdftex.def Info: chapter-4/figures/M3-S5_basins.png  used on input line
 160.
(pdftex.def)             Requested size: 290.21921pt x 201.88475pt.
<chapter-4/figures/thickness_increase.png, id=765, 1331.72531pt x 600.74437pt>
File: chapter-4/figures/thickness_increase.png Graphic file (type png)
<use chapter-4/figures/thickness_increase.png>
Package pdftex.def Info: chapter-4/figures/thickness_increase.png  used on inpu
t line 168.
(pdftex.def)             Requested size: 290.21921pt x 130.91751pt.
[35 <./chapter-4/figures/Line_Opt_table.png> <./chapter-4/figures/Scanning_Line
_plot.png>]
Underfull \vbox (badness 10000) has occurred while \output is active []

 [36 <./chapter-4/figures/Basins_two_situations.png>] [37 <./chapter-4/figures/
M3-S5_basins.png (PNG copy)>]

Package natbib Warning: Citation `patentvollrath' on page 38 undefined on input
 line 175.


Package natbib Warning: Citation `ZhangMicroscope2017' on page 38 undefined on 
input line 175.

[38 <./chapter-4/figures/thickness_increase.png>]
<chapter-4/figures/Vollrath_original.png, id=793, 404.4711pt x 406.6392pt>
File: chapter-4/figures/Vollrath_original.png Graphic file (type png)
<use chapter-4/figures/Vollrath_original.png>
Package pdftex.def Info: chapter-4/figures/Vollrath_original.png  used on input
 line 204.
(pdftex.def)             Requested size: 199.52605pt x 200.59518pt.


Package natbib Warning: Citation `patentvollrath' on page 39 undefined on input
 line 205.


Package natbib Warning: Citation `ZhangMicroscope2017' on page 39 undefined on 
input line 205.

[39 <./chapter-4/figures/Vollrath_original.png (PNG copy)>]

Package natbib Warning: Citation `codevmanual' on page 40 undefined on input li
ne 229.


Underfull \hbox (badness 6978) in paragraph at lines 236--237
[]|\T1/futs/m/n/10 Always ac-tive. Han-dled with La-
 []


Underfull \hbox (badness 4713) in paragraph at lines 236--237
\T1/futs/m/n/10 grangian Mul-ti-plier Method. Con-
 []


Underfull \hbox (badness 1275) in paragraph at lines 236--237
\T1/futs/m/n/10 strains ex-actly to tar-get value of the
 []


Underfull \hbox (badness 10000) in paragraph at lines 240--241
[]|\T1/futs/m/n/10 Only used for tar-geted con-
 []


LaTeX Warning: `!h' float specifier changed to `!ht'.

[40] [41]

Package natbib Warning: Citation `codevmanual' on page 42 undefined on input li
ne 296.


Overfull \hbox (11.08095pt too wide) in paragraph at lines 304--304
|[][]\T1/futs/m/sc/12 Introducing struc-tural change with sad-dle point con-str
uc-
 []


LaTeX Warning: Reference `fig: vollrathNA90295' on page 42 undefined on input l
ine 305.

<chapter-4/figures/Vollrath_NA90295.png, id=834, 495.5313pt x 141.4083pt>
File: chapter-4/figures/Vollrath_NA90295.png Graphic file (type png)
<use chapter-4/figures/Vollrath_NA90295.png>
Package pdftex.def Info: chapter-4/figures/Vollrath_NA90295.png  used on input 
line 309.
(pdftex.def)             Requested size: 217.66579pt x 62.11626pt.
[42]

LaTeX Warning: Reference `fig: vollrathNAtrad' on page 43 undefined on input li
ne 335.


LaTeX Warning: Reference `table: vollrathNAtrad' on page 43 undefined on input 
line 335.


Package natbib Warning: Citation `patentvollrath' on page 43 undefined on input
 line 335.


Underfull \hbox (badness 3568) in paragraph at lines 335--335
[][][][]\T1/futs/m/n/8 For sat-is-fac-tory per-for-mance, the cri-te-ria is tha
t the Strehl ra-tio is above 0.8 for all fields, and
 []


LaTeX Warning: Reference `fig: vollrathNAtrad' on page 43 undefined on input li
ne 335.

<chapter-4/figures/Vollrath_NATradition.png, id=846, 531.1845pt x 414.8298pt>
File: chapter-4/figures/Vollrath_NATradition.png Graphic file (type png)
<use chapter-4/figures/Vollrath_NATradition.png>
Package pdftex.def Info: chapter-4/figures/Vollrath_NATradition.png  used on in
put line 339.
(pdftex.def)             Requested size: 253.93973pt x 198.31848pt.

LaTeX Warning: `!h' float specifier changed to `!ht'.


LaTeX Warning: Reference `fig: vollrathNAtrad' on page 43 undefined on input li
ne 350.


LaTeX Warning: `!h' float specifier changed to `!ht'.


LaTeX Warning: Reference `fig: VollrathSPCcaseNA' on page 43 undefined on input
 line 368.


LaTeX Warning: Reference `table: vollratSPCcaseNA' on page 43 undefined on inpu
t line 368.

[43 <./chapter-4/figures/Vollrath_NA90295.png>]
<chapter-4/figures/vollrathSPCcaseNA.png, id=856, 960.2274pt x 353.4003pt>
File: chapter-4/figures/vollrathSPCcaseNA.png Graphic file (type png)
<use chapter-4/figures/vollrathSPCcaseNA.png>
Package pdftex.def Info: chapter-4/figures/vollrathSPCcaseNA.png  used on input
 line 376.
(pdftex.def)             Requested size: 524.44684pt x 193.02264pt.


LaTeX Warning: Reference `fig: vollrathNAtrad' on page 44 undefined on input li
ne 377.

LaTeX Font Info:    Try loading font information for OMS+futs on input line 377
.
LaTeX Font Info:    No file OMSfuts.fd. on input line 377.

LaTeX Font Warning: Font shape `OMS/futs/m/n' undefined
(Font)              using `OMS/cmsy/m/n' instead on input line 377.


LaTeX Warning: `!h' float specifier changed to `!ht'.


LaTeX Warning: Reference `fig: VollrathSPCcaseNA' on page 44 undefined on input
 line 386.


LaTeX Warning: `!h' float specifier changed to `!ht'.


LaTeX Warning: Reference `fig: vollrathWD06to25' on page 44 undefined on input 
line 424.


LaTeX Warning: Reference `table: vollrathWDchange' on page 44 undefined on inpu
t line 424.

[44 <./chapter-4/figures/Vollrath_NATradition.png

pdfTeX warning: /Library/TeX/texbin/pdflatex (file ./chapter-4/figures/Vollrath
_NATradition.png): large interlaced PNG might cause out of memory (use non-inte
rlaced PNG to fix this)
>]
<chapter-4/figures/Vollrath_WD06TO25.png, id=864, 568.2831pt x 148.6353pt>
File: chapter-4/figures/Vollrath_WD06TO25.png Graphic file (type png)
<use chapter-4/figures/Vollrath_WD06TO25.png>
Package pdftex.def Info: chapter-4/figures/Vollrath_WD06TO25.png  used on input
 line 428.
(pdftex.def)             Requested size: 217.66579pt x 56.92879pt.


LaTeX Warning: `!h' float specifier changed to `!ht'.


LaTeX Warning: Reference `fig: vollrathWDTrad' on page 45 undefined on input li
ne 454.


LaTeX Warning: Reference `table: vollrathWDTrad' on page 45 undefined on input 
line 454.

[45]
<chapter-4/figures/vollrathWDTrad.png, id=872, 639.8304pt x 260.4129pt>
File: chapter-4/figures/vollrathWDTrad.png Graphic file (type png)
<use chapter-4/figures/vollrathWDTrad.png>
Package pdftex.def Info: chapter-4/figures/vollrathWDTrad.png  used on input li
ne 458.
(pdftex.def)             Requested size: 217.66579pt x 88.58688pt.


LaTeX Warning: `!h' float specifier changed to `!ht'.


LaTeX Warning: Reference `fig: vollrathWDTrad' on page 46 undefined on input li
ne 469.


LaTeX Warning: Reference `fig: vollrathWDSPC' on page 46 undefined on input lin
e 486.


LaTeX Warning: Reference `table: vollrathWDTrad' on page 46 undefined on input 
line 486.

<chapter-4/figures/vollrathWDSPC.png, id=873, 1050.0831pt x 596.4684pt>
File: chapter-4/figures/vollrathWDSPC.png Graphic file (type png)
<use chapter-4/figures/vollrathWDSPC.png>
Package pdftex.def Info: chapter-4/figures/vollrathWDSPC.png  used on input lin
e 490.
(pdftex.def)             Requested size: 362.77263pt x 206.06396pt.

LaTeX Warning: `!h' float specifier changed to `!ht'.


LaTeX Warning: Reference `fig: vollrathWDSPC' on page 46 undefined on input lin
e 501.

[46]

Package natbib Warning: Citation `Brixner81' on page 47 undefined on input line
 536.


LaTeX Warning: Reference `' on page 47 undefined on input line 536.


Overfull \hbox (13.41959pt too wide) in paragraph at lines 550--550
|[][]\T1/futs/m/sc/14.4 Applying SPC to a litho-graphic ob-ject (ex-treme com-
 []

No file chapter-4/chapter-4.bbl.
) [47] [48 <./chapter-4/figures/vollrathSPCcaseNA.png

pdfTeX warning: /Library/TeX/texbin/pdflatex (file ./chapter-4/figures/vollrath
SPCcaseNA.png): large interlaced PNG might cause out of memory (use non-interla
ced PNG to fix this)
>] [49 <./chapter-4/figures/Vollrath_WD06TO25.png> <./chapter-4/figures/vollrat
hWDTrad.png> <./chapter-4/figures/vollrathWDSPC.png

pdfTeX warning: /Library/TeX/texbin/pdflatex (file ./chapter-4/figures/vollrath
WDSPC.png): large interlaced PNG might cause out of memory (use non-interlaced 
PNG to fix this)
>]
\openout2 = `chapter-5/chapter-5.aux'.

 (./chapter-5/chapter-5.tex [50




]
Chapter 5.
pdfTeX warning (ext4): destination with the same identifier (name{Hfootnote.5})
 has been already used, duplicate ignored
<to be read again> 
                   \relax 
l.9 ...extbf{25}, 32474 (2018) \cite{HouSMS2018}.}
                                                  

Package natbib Warning: Citation `HouSMS2018' on page 51 undefined on input lin
e 9.

[51]
Overfull \hbox (14.37016pt too wide) in paragraph at lines 56--57
\T1/futs/m/n/10 con-tain-ing, for ex-am-ple, the ac-knowl-edge-ments. An ex-am-
ple can be found in \T1/lmtt/m/n/10 preface.tex\T1/futs/m/n/10 .
 []


Overfull \hbox (0.99669pt too wide) in paragraph at lines 56--57
\T1/futs/m/n/10 The ta-ble of con-tents is gen-er-ated au-to-mat-i-cally with t
he \T1/lmtt/m/n/10 \tableofcontents \T1/futs/m/n/10 com-mand.
 []

[52]
Overfull \hbox (28.47644pt too wide) in paragraph at lines 85--86
[]\T1/lmtt/m/n/10 \chapter[Short title]{Very long title with many words which c
ould
 []


Overfull \hbox (23.22646pt too wide) in paragraph at lines 99--100
[]\T1/lmtt/m/n/10 \blfootnote{Parts of this chapter have been published in Anna
len
 []

[53] [54]
No file chapter-5/chapter-5.bbl.
) [55]
\openout2 = `chapter-6/chapter-6.aux'.

 (./chapter-6/chapter-6.tex [56




]
Chapter 6.
pdfTeX warning (ext4): destination with the same identifier (name{Hfootnote.7})
 has been already used, duplicate ignored
<to be read again> 
                   \relax 
l.9 ...extbf{324}, 289 (1906) \cite{LinWang2011}.}
                                                  

Package natbib Warning: Citation `LinWang2011' on page 57 undefined on input li
ne 9.


Package natbib Warning: Citation `PascalTriplet2009' on page 57 undefined on in
put line 26.

[57]
No file chapter-6/chapter-6.bbl.
) [58]
\openout2 = `chapter-7-appendix/Appendix.aux'.

 (./chapter-7-appendix/Appendix.tex
Appendix A.

! LaTeX Error: Lonely \item--perhaps a missing list environment.

See the LaTeX manual or LaTeX Companion for explanation.
Type  H <return>  for immediate help.
 ...                                              
                                            